 - - - database error occurred! - - - 
Message: Prepare returned false.
Details:
SELECT * 
 FROM prt_log_levels WHERE  llv_name = ?  ORDER BY  s 
Call details: 
Datetime: 2014-02-25 11:40:27
Username: grzesiek
IP: 127.1.1.1
URL: http://sealock/sealock/home
FILE: /home/cracoviano/praca/firma/BR_badania_i_rozwoj/portal_3/libraries/core/functions.php
LINE: 148
 - - - - - - - - - - - - - - - - - - -

 - - - database error occurred! - - - 
Message: Prepare returned false.
Details:
SELECT * 
 FROM prt_log_levels WHERE  llv_name = ?  ORDER BY  s 
Call details: 
Datetime: 2014-02-25 11:40:28
Username: grzesiek
IP: 127.1.1.1
URL: http://sealock/sealock/home
FILE: /home/cracoviano/praca/firma/BR_badania_i_rozwoj/portal_3/libraries/core/functions.php
LINE: 148
 - - - - - - - - - - - - - - - - - - -

 - - - database error occurred! - - - 
Message: Prepare returned false.
Details:
SELECT * 
 FROM prt_log_levels WHERE  llv_name = ?  ORDER BY  s 
Call details: 
Datetime: 2014-02-25 11:40:28
Username: grzesiek
IP: 127.1.1.1
URL: http://sealock/sealock/home
FILE: /home/cracoviano/praca/firma/BR_badania_i_rozwoj/portal_3/libraries/core/functions.php
LINE: 148
 - - - - - - - - - - - - - - - - - - -

 - - - database error occurred! - - - 
Message: Prepare returned false.
Details:
SELECT * 
 FROM prt_log_levels WHERE  llv_name = ?  ORDER BY  s 
Call details: 
Datetime: 2014-02-25 11:40:28
Username: grzesiek
IP: 127.1.1.1
URL: http://sealock/sealock/home
FILE: /home/cracoviano/praca/firma/BR_badania_i_rozwoj/portal_3/libraries/core/functions.php
LINE: 148
 - - - - - - - - - - - - - - - - - - -

 - - - database error occurred! - - - 
Message: Prepare returned false.
Details:
SELECT * 
 FROM prt_log_levels WHERE  llv_name = ?  ORDER BY  s 
Call details: 
Datetime: 2014-02-25 11:40:28
Username: grzesiek
IP: 127.1.1.1
URL: http://sealock/sealock/home
FILE: /home/cracoviano/praca/firma/BR_badania_i_rozwoj/portal_3/libraries/core/functions.php
LINE: 148
 - - - - - - - - - - - - - - - - - - -

 - - - database error occurred! - - - 
Message: Prepare returned false.
Details:
SELECT * 
 FROM prt_log_levels WHERE  llv_name = ?  ORDER BY  s 
Call details: 
Datetime: 2014-02-25 11:40:28
Username: grzesiek
IP: 127.1.1.1
URL: http://sealock/sealock/home
FILE: /home/cracoviano/praca/firma/BR_badania_i_rozwoj/portal_3/libraries/core/functions.php
LINE: 148
 - - - - - - - - - - - - - - - - - - -

 - - - database error occurred! - - - 
Message: Prepare returned false.
Details:
SELECT * 
 FROM prt_log_levels WHERE  llv_name = ?  ORDER BY  s 
Call details: 
Datetime: 2014-02-25 11:41:59
Username: grzesiek
IP: 127.1.1.1
URL: http://sealock/sealock/home
FILE: /home/cracoviano/praca/firma/BR_badania_i_rozwoj/portal_3/libraries/core/functions.php
LINE: 148
 - - - - - - - - - - - - - - - - - - -

 - - - database error occurred! - - - 
Message: Prepare returned false.
Details:
SELECT * 
 FROM prt_log_levels WHERE  llv_name = ?  ORDER BY  s 
Call details: 
Datetime: 2014-02-25 11:41:59
Username: grzesiek
IP: 127.1.1.1
URL: http://sealock/sealock/home
FILE: /home/cracoviano/praca/firma/BR_badania_i_rozwoj/portal_3/libraries/core/functions.php
LINE: 148
 - - - - - - - - - - - - - - - - - - -

 - - - database error occurred! - - - 
Message: Prepare returned false.
Details:
SELECT * 
 FROM prt_log_levels WHERE  llv_name = ?  ORDER BY  s 
Call details: 
Datetime: 2014-02-25 11:42:00
Username: grzesiek
IP: 127.1.1.1
URL: http://sealock/sealock/home
FILE: /home/cracoviano/praca/firma/BR_badania_i_rozwoj/portal_3/libraries/core/functions.php
LINE: 148
 - - - - - - - - - - - - - - - - - - -

 - - - database error occurred! - - - 
Message: Prepare returned false.
Details:
SELECT * 
 FROM prt_log_levels WHERE  llv_name = ?  ORDER BY  s 
Call details: 
Datetime: 2014-02-25 11:42:00
Username: grzesiek
IP: 127.1.1.1
URL: http://sealock/sealock/home
FILE: /home/cracoviano/praca/firma/BR_badania_i_rozwoj/portal_3/libraries/core/functions.php
LINE: 148
 - - - - - - - - - - - - - - - - - - -

 - - - database error occurred! - - - 
Message: Prepare returned false.
Details:
SELECT * 
 FROM prt_log_levels WHERE  llv_name = ?  ORDER BY  s 
Call details: 
Datetime: 2014-02-25 11:42:00
Username: grzesiek
IP: 127.1.1.1
URL: http://sealock/sealock/home
FILE: /home/cracoviano/praca/firma/BR_badania_i_rozwoj/portal_3/libraries/core/functions.php
LINE: 148
 - - - - - - - - - - - - - - - - - - -

 - - - database error occurred! - - - 
Message: Prepare returned false.
Details:
SELECT * 
 FROM prt_log_levels WHERE  llv_name = ?  ORDER BY  s 
Call details: 
Datetime: 2014-02-25 11:42:00
Username: grzesiek
IP: 127.1.1.1
URL: http://sealock/sealock/home
FILE: /home/cracoviano/praca/firma/BR_badania_i_rozwoj/portal_3/libraries/core/functions.php
LINE: 148
 - - - - - - - - - - - - - - - - - - -

 - - - database error occurred! - - - 
Message: Prepare returned false.
Details:
SELECT * 
 FROM prt_log_levels WHERE  llv_name = ?  ORDER BY  s 
Call details: 
Datetime: 2014-02-25 11:43:40
Username: grzesiek
IP: 127.1.1.1
URL: http://sealock/sealock/home
FILE: /home/cracoviano/praca/firma/BR_badania_i_rozwoj/portal_3/libraries/core/functions.php
LINE: 148
 - - - - - - - - - - - - - - - - - - -

 - - - database error occurred! - - - 
Message: Prepare returned false.
Details:
SELECT * 
 FROM prt_log_levels WHERE  llv_name = ?  ORDER BY  s 
Call details: 
Datetime: 2014-02-25 11:43:40
Username: grzesiek
IP: 127.1.1.1
URL: http://sealock/sealock/home
FILE: /home/cracoviano/praca/firma/BR_badania_i_rozwoj/portal_3/libraries/core/functions.php
LINE: 148
 - - - - - - - - - - - - - - - - - - -

 - - - database error occurred! - - - 
Message: Prepare returned false.
Details:
SELECT * 
 FROM prt_log_levels WHERE  llv_name = ?  ORDER BY  s 
Call details: 
Datetime: 2014-02-25 11:43:40
Username: grzesiek
IP: 127.1.1.1
URL: http://sealock/sealock/home
FILE: /home/cracoviano/praca/firma/BR_badania_i_rozwoj/portal_3/libraries/core/functions.php
LINE: 148
 - - - - - - - - - - - - - - - - - - -

 - - - database error occurred! - - - 
Message: Prepare returned false.
Details:
SELECT * 
 FROM prt_log_levels WHERE  llv_name = ?  ORDER BY  s 
Call details: 
Datetime: 2014-02-25 11:43:40
Username: grzesiek
IP: 127.1.1.1
URL: http://sealock/sealock/home
FILE: /home/cracoviano/praca/firma/BR_badania_i_rozwoj/portal_3/libraries/core/functions.php
LINE: 148
 - - - - - - - - - - - - - - - - - - -

 - - - database error occurred! - - - 
Message: Prepare returned false.
Details:
SELECT * 
 FROM prt_log_levels WHERE  llv_name = ?  ORDER BY  s 
Call details: 
Datetime: 2014-02-25 11:43:40
Username: grzesiek
IP: 127.1.1.1
URL: http://sealock/sealock/home
FILE: /home/cracoviano/praca/firma/BR_badania_i_rozwoj/portal_3/libraries/core/functions.php
LINE: 148
 - - - - - - - - - - - - - - - - - - -

 - - - database error occurred! - - - 
Message: Prepare returned false.
Details:
SELECT * 
 FROM prt_log_levels WHERE  llv_name = ?  ORDER BY  s 
Call details: 
Datetime: 2014-02-25 11:43:40
Username: grzesiek
IP: 127.1.1.1
URL: http://sealock/sealock/home
FILE: /home/cracoviano/praca/firma/BR_badania_i_rozwoj/portal_3/libraries/core/functions.php
LINE: 148
 - - - - - - - - - - - - - - - - - - -

 - - - database error occurred! - - - 
Message: Prepare returned false.
Details:
SELECT * 
 FROM prt_log_levels WHERE  llv_name = ?  ORDER BY  s 
Call details: 
Datetime: 2014-02-25 11:44:23
Username: grzesiek
IP: 127.1.1.1
URL: http://sealock/sealock/home
FILE: /home/cracoviano/praca/firma/BR_badania_i_rozwoj/portal_3/libraries/core/functions.php
LINE: 148
 - - - - - - - - - - - - - - - - - - -

 - - - database error occurred! - - - 
Message: Prepare returned false.
Details:
SELECT * 
 FROM prt_log_levels WHERE  llv_name = ?  ORDER BY  s 
Call details: 
Datetime: 2014-02-25 11:44:23
Username: grzesiek
IP: 127.1.1.1
URL: http://sealock/sealock/home
FILE: /home/cracoviano/praca/firma/BR_badania_i_rozwoj/portal_3/libraries/core/functions.php
LINE: 148
 - - - - - - - - - - - - - - - - - - -

 - - - database error occurred! - - - 
Message: Prepare returned false.
Details:
SELECT * 
 FROM prt_log_levels WHERE  llv_name = ?  ORDER BY  s 
Call details: 
Datetime: 2014-02-25 11:44:23
Username: grzesiek
IP: 127.1.1.1
URL: http://sealock/sealock/home
FILE: /home/cracoviano/praca/firma/BR_badania_i_rozwoj/portal_3/libraries/core/functions.php
LINE: 148
 - - - - - - - - - - - - - - - - - - -

 - - - database error occurred! - - - 
Message: Prepare returned false.
Details:
SELECT * 
 FROM prt_log_levels WHERE  llv_name = ?  ORDER BY  s 
Call details: 
Datetime: 2014-02-25 11:44:23
Username: grzesiek
IP: 127.1.1.1
URL: http://sealock/sealock/home
FILE: /home/cracoviano/praca/firma/BR_badania_i_rozwoj/portal_3/libraries/core/functions.php
LINE: 148
 - - - - - - - - - - - - - - - - - - -

 - - - database error occurred! - - - 
Message: Prepare returned false.
Details:
SELECT * 
 FROM prt_log_levels WHERE  llv_name = ?  ORDER BY  s 
Call details: 
Datetime: 2014-02-25 11:44:23
Username: grzesiek
IP: 127.1.1.1
URL: http://sealock/sealock/home
FILE: /home/cracoviano/praca/firma/BR_badania_i_rozwoj/portal_3/libraries/core/functions.php
LINE: 148
 - - - - - - - - - - - - - - - - - - -

 - - - database error occurred! - - - 
Message: Prepare returned false.
Details:
SELECT * 
 FROM prt_log_levels WHERE  llv_name = ?  ORDER BY  s 
Call details: 
Datetime: 2014-02-25 11:44:23
Username: grzesiek
IP: 127.1.1.1
URL: http://sealock/sealock/home
FILE: /home/cracoviano/praca/firma/BR_badania_i_rozwoj/portal_3/libraries/core/functions.php
LINE: 148
 - - - - - - - - - - - - - - - - - - -

 - - - database error occurred! - - - 
Message: Prepare returned false.
Details:
SELECT * 
 FROM prt_log_levels WHERE  llv_name = ?  ORDER BY  s 
Call details: 
Datetime: 2014-02-25 11:45:14
Username: grzesiek
IP: 127.1.1.1
URL: http://sealock/sealock/home
FILE: /home/cracoviano/praca/firma/BR_badania_i_rozwoj/portal_3/libraries/core/functions.php
LINE: 148
 - - - - - - - - - - - - - - - - - - -

 - - - database error occurred! - - - 
Message: Prepare returned false.
Details:
SELECT * 
 FROM prt_log_levels WHERE  llv_name = ?  ORDER BY  s 
Call details: 
Datetime: 2014-02-25 11:45:14
Username: grzesiek
IP: 127.1.1.1
URL: http://sealock/sealock/home
FILE: /home/cracoviano/praca/firma/BR_badania_i_rozwoj/portal_3/libraries/core/functions.php
LINE: 148
 - - - - - - - - - - - - - - - - - - -

 - - - database error occurred! - - - 
Message: Prepare returned false.
Details:
SELECT * 
 FROM prt_log_levels WHERE  llv_name = ?  ORDER BY  s 
Call details: 
Datetime: 2014-02-25 11:45:14
Username: grzesiek
IP: 127.1.1.1
URL: http://sealock/sealock/home
FILE: /home/cracoviano/praca/firma/BR_badania_i_rozwoj/portal_3/libraries/core/functions.php
LINE: 148
 - - - - - - - - - - - - - - - - - - -

 - - - database error occurred! - - - 
Message: Prepare returned false.
Details:
SELECT * 
 FROM prt_log_levels WHERE  llv_name = ?  ORDER BY  s 
Call details: 
Datetime: 2014-02-25 11:45:14
Username: grzesiek
IP: 127.1.1.1
URL: http://sealock/sealock/home
FILE: /home/cracoviano/praca/firma/BR_badania_i_rozwoj/portal_3/libraries/core/functions.php
LINE: 148
 - - - - - - - - - - - - - - - - - - -

 - - - database error occurred! - - - 
Message: Prepare returned false.
Details:
SELECT * 
 FROM prt_log_levels WHERE  llv_name = ?  ORDER BY  s 
Call details: 
Datetime: 2014-02-25 11:45:14
Username: grzesiek
IP: 127.1.1.1
URL: http://sealock/sealock/home
FILE: /home/cracoviano/praca/firma/BR_badania_i_rozwoj/portal_3/libraries/core/functions.php
LINE: 148
 - - - - - - - - - - - - - - - - - - -

 - - - database error occurred! - - - 
Message: Prepare returned false.
Details:
SELECT * 
 FROM prt_log_levels WHERE  llv_name = ?  ORDER BY  s 
Call details: 
Datetime: 2014-02-25 11:45:14
Username: grzesiek
IP: 127.1.1.1
URL: http://sealock/sealock/home
FILE: /home/cracoviano/praca/firma/BR_badania_i_rozwoj/portal_3/libraries/core/functions.php
LINE: 148
 - - - - - - - - - - - - - - - - - - -

 - - - database error occurred! - - - 
Message: You have an error in your SQL syntax; check the manual that corresponds to your MySQL server version for the right syntax to use near '? OR (plc_pge_id IS NULL AND plc_prt_id = ?) OR (plc_pge_id IS NULL AND plc_prt_' at line 6
Details:
SELECT
	plc_id
FROM
	prt_portlet_locations
WHERE 
	(plc_pge_id = ? OR (plc_pge_id IS NULL AND plc_prt_id = ?) OR (plc_pge_id IS NULL AND plc_prt_id IS NULL))
	AND plc_section NOT IN (?,?,?,?)
Call details: 
Datetime: 2014-02-25 13:18:44
Username: metaadmin
IP: 127.1.1.1
URL: http://sealock/sealock/home
FILE: /home/cracoviano/praca/firma/BR_badania_i_rozwoj/portal_3/libraries/core/functions.php
LINE: 148
 - - - - - - - - - - - - - - - - - - -

 - - - database error occurred! - - - 
Message: You have an error in your SQL syntax; check the manual that corresponds to your MySQL server version for the right syntax to use near '? OR (plc_pge_id IS NULL AND plc_prt_id = ?) OR (plc_pge_id IS NULL AND plc_prt_' at line 6
Details:
SELECT
	plc_id
FROM
	prt_portlet_locations
WHERE 
	(plc_pge_id = ? OR (plc_pge_id IS NULL AND plc_prt_id = ?) OR (plc_pge_id IS NULL AND plc_prt_id IS NULL))
	AND plc_section NOT IN (?,?,?,?)
Call details: 
Datetime: 2014-02-25 13:28:46
Username: metaadmin
IP: 127.1.1.1
URL: http://sealock/sealock/home
FILE: /home/cracoviano/praca/firma/BR_badania_i_rozwoj/portal_3/libraries/core/functions.php
LINE: 148
 - - - - - - - - - - - - - - - - - - -

 - - - database error occurred! - - - 
Message: You have an error in your SQL syntax; check the manual that corresponds to your MySQL server version for the right syntax to use near '? OR (plc_pge_id IS NULL AND plc_prt_id = ?) OR (plc_pge_id IS NULL AND plc_prt_' at line 6
Details:
SELECT
	plc_id
FROM
	prt_portlet_locations
WHERE 
	(plc_pge_id = ? OR (plc_pge_id IS NULL AND plc_prt_id = ?) OR (plc_pge_id IS NULL AND plc_prt_id IS NULL))
	AND plc_section NOT IN (?,?,?,?)
Call details: 
Datetime: 2014-02-25 13:52:02
Username: metaadmin
IP: 127.1.1.1
URL: http://sealock/sealock/home
FILE: /home/cracoviano/praca/firma/BR_badania_i_rozwoj/portal_3/libraries/core/functions.php
LINE: 148
 - - - - - - - - - - - - - - - - - - -

 - - - database error occurred! - - - 
Message: You have an error in your SQL syntax; check the manual that corresponds to your MySQL server version for the right syntax to use near '? OR (plc_pge_id IS NULL AND plc_prt_id = ?) OR (plc_pge_id IS NULL AND plc_prt_' at line 6
Details:
SELECT
	plc_id
FROM
	prt_portlet_locations
WHERE 
	(plc_pge_id = ? OR (plc_pge_id IS NULL AND plc_prt_id = ?) OR (plc_pge_id IS NULL AND plc_prt_id IS NULL))
	AND plc_section NOT IN (?,?,?,?)
Call details: 
Datetime: 2014-02-25 13:52:35
Username: metaadmin
IP: 127.1.1.1
URL: http://sealock/sealock/home
FILE: /home/cracoviano/praca/firma/BR_badania_i_rozwoj/portal_3/libraries/core/functions.php
LINE: 148
 - - - - - - - - - - - - - - - - - - -

 - - - database error occurred! - - - 
Message: You have an error in your SQL syntax; check the manual that corresponds to your MySQL server version for the right syntax to use near '? OR (plc_pge_id IS NULL AND plc_prt_id = ?) OR (plc_pge_id IS NULL AND plc_prt_' at line 6
Details:
SELECT
	plc_id
FROM
	prt_portlet_locations
WHERE 
	(plc_pge_id = ? OR (plc_pge_id IS NULL AND plc_prt_id = ?) OR (plc_pge_id IS NULL AND plc_prt_id IS NULL))
	AND plc_section NOT IN (?,?,?,?)
Call details: 
Datetime: 2014-02-25 14:14:54
Username: metaadmin
IP: 127.1.1.1
URL: http://sealock/sealock/
FILE: /home/cracoviano/praca/firma/BR_badania_i_rozwoj/portal_3/libraries/core/functions.php
LINE: 148
 - - - - - - - - - - - - - - - - - - -

 - - - database error occurred! - - - 
Message: You have an error in your SQL syntax; check the manual that corresponds to your MySQL server version for the right syntax to use near '? OR (plc_pge_id IS NULL AND plc_prt_id = ?) OR (plc_pge_id IS NULL AND plc_prt_' at line 6
Details:
SELECT
	plc_id
FROM
	prt_portlet_locations
WHERE 
	(plc_pge_id = ? OR (plc_pge_id IS NULL AND plc_prt_id = ?) OR (plc_pge_id IS NULL AND plc_prt_id IS NULL))
	AND plc_section NOT IN (?,?,?,?)
Call details: 
Datetime: 2014-02-25 14:24:01
Username: metaadmin
IP: 127.1.1.1
URL: http://sealock/sealock/bilans-otwarcia
FILE: /home/cracoviano/praca/firma/BR_badania_i_rozwoj/portal_3/libraries/core/functions.php
LINE: 148
 - - - - - - - - - - - - - - - - - - -

 - - - database error occurred! - - - 
Message: You have an error in your SQL syntax; check the manual that corresponds to your MySQL server version for the right syntax to use near '/sealock' at line 1
Details:
SELECT * FROM prt_portlet_objects WHERE pob_id = /sealock
Call details: 
Datetime: 2014-02-26 21:00:22
Username: grzesiek
IP: 127.1.1.1
URL: http://sealock/sealock/klienci
FILE: /home/cracoviano/praca/firma/BR_badania_i_rozwoj/portal_3/libraries/core/functions.php
LINE: 148
 - - - - - - - - - - - - - - - - - - -

 - - - database error occurred! - - - 
Message: Prepare returned false.
Details:
SELECT COUNT(*) as cnt FROM ( SELECT slk_odbiorcy.odb_id, slk_odbiorcy.odb_virgo_title , slk_odbiorcy.odb_nazwa odb_nazwa, slk_odbiorcy.odb_nip odb_nip FROM slk_odbiorcy  WHERE  1 = 1    AND /sealock ) as odbiorcy 
Call details: 
Datetime: 2014-02-26 21:00:22
Username: grzesiek
IP: 127.1.1.1
URL: http://sealock/sealock/klienci
FILE: /home/cracoviano/praca/firma/BR_badania_i_rozwoj/portal_3/libraries/core/functions.php
LINE: 148
 - - - - - - - - - - - - - - - - - - -

 - - - database error occurred! - - - 
Message: Prepare returned false.
Details:
SELECT * FROM (  SELECT slk_odbiorcy.odb_id, slk_odbiorcy.odb_virgo_title , slk_odbiorcy.odb_nazwa odb_nazwa, slk_odbiorcy.odb_nip odb_nip FROM slk_odbiorcy  WHERE  1 = 1    AND /sealock  ) as slk_odbiorcy 
 ORDER BY odb_id asc, odb_id asc
 LIMIT 0, 20
Call details: 
Datetime: 2014-02-26 21:00:22
Username: grzesiek
IP: 127.1.1.1
URL: http://sealock/sealock/klienci
FILE: /home/cracoviano/praca/firma/BR_badania_i_rozwoj/portal_3/libraries/core/functions.php
LINE: 148
 - - - - - - - - - - - - - - - - - - -

 - - - database error occurred! - - - 
Message: You have an error in your SQL syntax; check the manual that corresponds to your MySQL server version for the right syntax to use near '? OR (plc_pge_id IS NULL AND plc_prt_id = ?) OR (plc_pge_id IS NULL AND plc_prt_' at line 6
Details:
SELECT
	plc_id
FROM
	prt_portlet_locations
WHERE 
	(plc_pge_id = ? OR (plc_pge_id IS NULL AND plc_prt_id = ?) OR (plc_pge_id IS NULL AND plc_prt_id IS NULL))
	AND plc_section NOT IN (?,?,?,?)
Call details: 
Datetime: 2014-02-26 21:17:20
Username: metaadmin
IP: 127.1.1.1
URL: http://sealock/sealock/home
FILE: /home/cracoviano/praca/firma/BR_badania_i_rozwoj/portal_3/libraries/core/functions.php
LINE: 148
 - - - - - - - - - - - - - - - - - - -

 - - - database error occurred! - - - 
Message: You have an error in your SQL syntax; check the manual that corresponds to your MySQL server version for the right syntax to use near '? OR (plc_pge_id IS NULL AND plc_prt_id = ?) OR (plc_pge_id IS NULL AND plc_prt_' at line 6
Details:
SELECT
	plc_id
FROM
	prt_portlet_locations
WHERE 
	(plc_pge_id = ? OR (plc_pge_id IS NULL AND plc_prt_id = ?) OR (plc_pge_id IS NULL AND plc_prt_id IS NULL))
	AND plc_section NOT IN (?,?,?,?)
Call details: 
Datetime: 2014-02-26 21:18:35
Username: metaadmin
IP: 127.1.1.1
URL: http://sealock/sealock/home
FILE: /home/cracoviano/praca/firma/BR_badania_i_rozwoj/portal_3/libraries/core/functions.php
LINE: 148
 - - - - - - - - - - - - - - - - - - -

 - - - database error occurred! - - - 
Message: You have an error in your SQL syntax; check the manual that corresponds to your MySQL server version for the right syntax to use near '? OR (plc_pge_id IS NULL AND plc_prt_id = ?) OR (plc_pge_id IS NULL AND plc_prt_' at line 6
Details:
SELECT
	plc_id
FROM
	prt_portlet_locations
WHERE 
	(plc_pge_id = ? OR (plc_pge_id IS NULL AND plc_prt_id = ?) OR (plc_pge_id IS NULL AND plc_prt_id IS NULL))
	AND plc_section NOT IN (?,?,?,?)
Call details: 
Datetime: 2014-02-26 21:20:28
Username: metaadmin
IP: 127.1.1.1
URL: http://sealock/sealock/home
FILE: /home/cracoviano/praca/firma/BR_badania_i_rozwoj/portal_3/libraries/core/functions.php
LINE: 148
 - - - - - - - - - - - - - - - - - - -

 - - - database error occurred! - - - 
Message: You have an error in your SQL syntax; check the manual that corresponds to your MySQL server version for the right syntax to use near '? OR (plc_pge_id IS NULL AND plc_prt_id = ?) OR (plc_pge_id IS NULL AND plc_prt_' at line 6
Details:
SELECT
	plc_id
FROM
	prt_portlet_locations
WHERE 
	(plc_pge_id = ? OR (plc_pge_id IS NULL AND plc_prt_id = ?) OR (plc_pge_id IS NULL AND plc_prt_id IS NULL))
	AND plc_section NOT IN (?,?,?,?)
Call details: 
Datetime: 2014-02-26 21:21:02
Username: metaadmin
IP: 127.1.1.1
URL: http://sealock/sealock/home
FILE: /home/cracoviano/praca/firma/BR_badania_i_rozwoj/portal_3/libraries/core/functions.php
LINE: 148
 - - - - - - - - - - - - - - - - - - -

 - - - database error occurred! - - - 
Message: You have an error in your SQL syntax; check the manual that corresponds to your MySQL server version for the right syntax to use near '? OR (plc_pge_id IS NULL AND plc_prt_id = ?) OR (plc_pge_id IS NULL AND plc_prt_' at line 6
Details:
SELECT
	plc_id
FROM
	prt_portlet_locations
WHERE 
	(plc_pge_id = ? OR (plc_pge_id IS NULL AND plc_prt_id = ?) OR (plc_pge_id IS NULL AND plc_prt_id IS NULL))
	AND plc_section NOT IN (?,?,?,?)
Call details: 
Datetime: 2014-02-26 21:22:08
Username: metaadmin
IP: 127.1.1.1
URL: http://sealock/sealock/home
FILE: /home/cracoviano/praca/firma/BR_badania_i_rozwoj/portal_3/libraries/core/functions.php
LINE: 148
 - - - - - - - - - - - - - - - - - - -

 - - - database error occurred! - - - 
Message: Prepare returned false.
Details:
SELECT COUNT(*) as cnt FROM ( SELECT slk_bilansy_otwarcia.bot_id, slk_bilansy_otwarcia.bot_virgo_title , slk_bilansy_otwarcia.bot_data bot_data, slk_bilansy_otwarcia.bot_sbo_id as bot_sbo_id , slk_statusy_bilans_otwarcia_parent.sbo_virgo_title as `status_bilans_otwarcia` , slk_bilansy_otwarcia.bot_mgz_id as bot_mgz_id , slk_magazyns_parent.mgz_virgo_title as `magazyn`  FROM slk_bilansy_otwarcia  LEFT OUTER JOIN slk_statusy_bilans_otwarcia AS slk_statusy_bilans_otwarcia_parent ON (slk_bilansy_otwarcia.bot_sbo_id = slk_statusy_bilans_otwarcia_parent.sbo_id)  LEFT OUTER JOIN slk_magazyns AS slk_magazyns_parent ON (slk_bilansy_otwarcia.bot_mgz_id = slk_magazyns_parent.mgz_id)  WHERE  1 = 1  AND slk_bilansy_otwarcia.bot_mgz_id = 1  ) as bilansy_otwarcia 
Call details: 
Datetime: 2014-02-26 22:37:48
Username: metaadmin
IP: 127.1.1.1
URL: http://sealock/sealock/bilans-otwarcia
FILE: /home/cracoviano/praca/firma/BR_badania_i_rozwoj/portal_3/libraries/core/functions.php
LINE: 148
 - - - - - - - - - - - - - - - - - - -

 - - - database error occurred! - - - 
Message: Prepare returned false.
Details:
SELECT * FROM (  SELECT slk_bilansy_otwarcia.bot_id, slk_bilansy_otwarcia.bot_virgo_title , slk_bilansy_otwarcia.bot_data bot_data, slk_bilansy_otwarcia.bot_sbo_id as bot_sbo_id , slk_statusy_bilans_otwarcia_parent.sbo_virgo_title as `status_bilans_otwarcia` , slk_bilansy_otwarcia.bot_mgz_id as bot_mgz_id , slk_magazyns_parent.mgz_virgo_title as `magazyn`  FROM slk_bilansy_otwarcia  LEFT OUTER JOIN slk_statusy_bilans_otwarcia AS slk_statusy_bilans_otwarcia_parent ON (slk_bilansy_otwarcia.bot_sbo_id = slk_statusy_bilans_otwarcia_parent.sbo_id)  LEFT OUTER JOIN slk_magazyns AS slk_magazyns_parent ON (slk_bilansy_otwarcia.bot_mgz_id = slk_magazyns_parent.mgz_id)  WHERE  1 = 1  AND slk_bilansy_otwarcia.bot_mgz_id = 1   ) as slk_bilansy_otwarcia 
 ORDER BY bot_id asc, bot_id asc
 LIMIT 0, 20
Call details: 
Datetime: 2014-02-26 22:37:48
Username: metaadmin
IP: 127.1.1.1
URL: http://sealock/sealock/bilans-otwarcia
FILE: /home/cracoviano/praca/firma/BR_badania_i_rozwoj/portal_3/libraries/core/functions.php
LINE: 148
 - - - - - - - - - - - - - - - - - - -

 - - - database error occurred! - - - 
Message: Prepare returned false.
Details:
SELECT COUNT(*) as cnt FROM ( SELECT slk_bilansy_otwarcia.bot_id, slk_bilansy_otwarcia.bot_virgo_title , slk_bilansy_otwarcia.bot_data bot_data, slk_bilansy_otwarcia.bot_sbo_id as bot_sbo_id , slk_statusy_bilans_otwarcia_parent.sbo_virgo_title as `status_bilans_otwarcia` , slk_bilansy_otwarcia.bot_mgz_id as bot_mgz_id , slk_magazyns_parent.mgz_virgo_title as `magazyn`  FROM slk_bilansy_otwarcia  LEFT OUTER JOIN slk_statusy_bilans_otwarcia AS slk_statusy_bilans_otwarcia_parent ON (slk_bilansy_otwarcia.bot_sbo_id = slk_statusy_bilans_otwarcia_parent.sbo_id)  LEFT OUTER JOIN slk_magazyns AS slk_magazyns_parent ON (slk_bilansy_otwarcia.bot_mgz_id = slk_magazyns_parent.mgz_id)  WHERE  1 = 1  AND slk_bilansy_otwarcia.bot_mgz_id = 1  ) as bilansy_otwarcia 
Call details: 
Datetime: 2014-02-26 22:39:03
Username: metaadmin
IP: 127.1.1.1
URL: http://sealock/sealock/bilans-otwarcia
FILE: /home/cracoviano/praca/firma/BR_badania_i_rozwoj/portal_3/libraries/core/functions.php
LINE: 148
 - - - - - - - - - - - - - - - - - - -

 - - - database error occurred! - - - 
Message: Prepare returned false.
Details:
SELECT * FROM (  SELECT slk_bilansy_otwarcia.bot_id, slk_bilansy_otwarcia.bot_virgo_title , slk_bilansy_otwarcia.bot_data bot_data, slk_bilansy_otwarcia.bot_sbo_id as bot_sbo_id , slk_statusy_bilans_otwarcia_parent.sbo_virgo_title as `status_bilans_otwarcia` , slk_bilansy_otwarcia.bot_mgz_id as bot_mgz_id , slk_magazyns_parent.mgz_virgo_title as `magazyn`  FROM slk_bilansy_otwarcia  LEFT OUTER JOIN slk_statusy_bilans_otwarcia AS slk_statusy_bilans_otwarcia_parent ON (slk_bilansy_otwarcia.bot_sbo_id = slk_statusy_bilans_otwarcia_parent.sbo_id)  LEFT OUTER JOIN slk_magazyns AS slk_magazyns_parent ON (slk_bilansy_otwarcia.bot_mgz_id = slk_magazyns_parent.mgz_id)  WHERE  1 = 1  AND slk_bilansy_otwarcia.bot_mgz_id = 1   ) as slk_bilansy_otwarcia 
 ORDER BY bot_id asc, bot_id asc
 LIMIT 0, 20
Call details: 
Datetime: 2014-02-26 22:39:03
Username: metaadmin
IP: 127.1.1.1
URL: http://sealock/sealock/bilans-otwarcia
FILE: /home/cracoviano/praca/firma/BR_badania_i_rozwoj/portal_3/libraries/core/functions.php
LINE: 148
 - - - - - - - - - - - - - - - - - - -

 - - - database error occurred! - - - 
Message: Prepare returned false.
Details:
SELECT COUNT(*) as cnt FROM ( SELECT slk_bilansy_otwarcia.bot_id, slk_bilansy_otwarcia.bot_virgo_title , slk_bilansy_otwarcia.bot_data bot_data, slk_bilansy_otwarcia.bot_sbo_id as bot_sbo_id , slk_statusy_bilans_otwarcia_parent.sbo_virgo_title as `status_bilans_otwarcia` , slk_bilansy_otwarcia.bot_mgz_id as bot_mgz_id , slk_magazyns_parent.mgz_virgo_title as `magazyn`  FROM slk_bilansy_otwarcia  LEFT OUTER JOIN slk_statusy_bilans_otwarcia AS slk_statusy_bilans_otwarcia_parent ON (slk_bilansy_otwarcia.bot_sbo_id = slk_statusy_bilans_otwarcia_parent.sbo_id)  LEFT OUTER JOIN slk_magazyns AS slk_magazyns_parent ON (slk_bilansy_otwarcia.bot_mgz_id = slk_magazyns_parent.mgz_id)  WHERE  1 = 1  AND slk_bilansy_otwarcia.bot_mgz_id = 1  ) as bilansy_otwarcia 
Call details: 
Datetime: 2014-02-27 08:29:55
Username: grzesiek
IP: 127.1.1.1
URL: http://sealock/sealock/bilans-otwarcia
FILE: /home/cracoviano/praca/firma/BR_badania_i_rozwoj/portal_3/libraries/core/functions.php
LINE: 148
 - - - - - - - - - - - - - - - - - - -

 - - - database error occurred! - - - 
Message: Prepare returned false.
Details:
SELECT * FROM (  SELECT slk_bilansy_otwarcia.bot_id, slk_bilansy_otwarcia.bot_virgo_title , slk_bilansy_otwarcia.bot_data bot_data, slk_bilansy_otwarcia.bot_sbo_id as bot_sbo_id , slk_statusy_bilans_otwarcia_parent.sbo_virgo_title as `status_bilans_otwarcia` , slk_bilansy_otwarcia.bot_mgz_id as bot_mgz_id , slk_magazyns_parent.mgz_virgo_title as `magazyn`  FROM slk_bilansy_otwarcia  LEFT OUTER JOIN slk_statusy_bilans_otwarcia AS slk_statusy_bilans_otwarcia_parent ON (slk_bilansy_otwarcia.bot_sbo_id = slk_statusy_bilans_otwarcia_parent.sbo_id)  LEFT OUTER JOIN slk_magazyns AS slk_magazyns_parent ON (slk_bilansy_otwarcia.bot_mgz_id = slk_magazyns_parent.mgz_id)  WHERE  1 = 1  AND slk_bilansy_otwarcia.bot_mgz_id = 1   ) as slk_bilansy_otwarcia 
 ORDER BY bot_id asc, bot_id asc
 LIMIT 0, 20
Call details: 
Datetime: 2014-02-27 08:29:55
Username: grzesiek
IP: 127.1.1.1
URL: http://sealock/sealock/bilans-otwarcia
FILE: /home/cracoviano/praca/firma/BR_badania_i_rozwoj/portal_3/libraries/core/functions.php
LINE: 148
 - - - - - - - - - - - - - - - - - - -

 - - - database error occurred! - - - 
Message: Prepare returned false.
Details:
SELECT COUNT(*) as cnt FROM ( SELECT slk_bilansy_otwarcia.bot_id, slk_bilansy_otwarcia.bot_virgo_title , slk_bilansy_otwarcia.bot_data bot_data, slk_bilansy_otwarcia.bot_sbo_id as bot_sbo_id , slk_statusy_bilans_otwarcia_parent.sbo_virgo_title as `status_bilans_otwarcia` , slk_bilansy_otwarcia.bot_mgz_id as bot_mgz_id , slk_magazyns_parent.mgz_virgo_title as `magazyn`  FROM slk_bilansy_otwarcia  LEFT OUTER JOIN slk_statusy_bilans_otwarcia AS slk_statusy_bilans_otwarcia_parent ON (slk_bilansy_otwarcia.bot_sbo_id = slk_statusy_bilans_otwarcia_parent.sbo_id)  LEFT OUTER JOIN slk_magazyns AS slk_magazyns_parent ON (slk_bilansy_otwarcia.bot_mgz_id = slk_magazyns_parent.mgz_id)  WHERE  1 = 1  AND slk_bilansy_otwarcia.bot_mgz_id = 1  ) as bilansy_otwarcia 
Call details: 
Datetime: 2014-02-27 08:30:01
Username: grzesiek
IP: 127.1.1.1
URL: http://sealock/sealock/bilans-otwarcia?profiler=tak
FILE: /home/cracoviano/praca/firma/BR_badania_i_rozwoj/portal_3/libraries/core/functions.php
LINE: 148
 - - - - - - - - - - - - - - - - - - -

 - - - database error occurred! - - - 
Message: Prepare returned false.
Details:
SELECT * FROM (  SELECT slk_bilansy_otwarcia.bot_id, slk_bilansy_otwarcia.bot_virgo_title , slk_bilansy_otwarcia.bot_data bot_data, slk_bilansy_otwarcia.bot_sbo_id as bot_sbo_id , slk_statusy_bilans_otwarcia_parent.sbo_virgo_title as `status_bilans_otwarcia` , slk_bilansy_otwarcia.bot_mgz_id as bot_mgz_id , slk_magazyns_parent.mgz_virgo_title as `magazyn`  FROM slk_bilansy_otwarcia  LEFT OUTER JOIN slk_statusy_bilans_otwarcia AS slk_statusy_bilans_otwarcia_parent ON (slk_bilansy_otwarcia.bot_sbo_id = slk_statusy_bilans_otwarcia_parent.sbo_id)  LEFT OUTER JOIN slk_magazyns AS slk_magazyns_parent ON (slk_bilansy_otwarcia.bot_mgz_id = slk_magazyns_parent.mgz_id)  WHERE  1 = 1  AND slk_bilansy_otwarcia.bot_mgz_id = 1   ) as slk_bilansy_otwarcia 
 ORDER BY bot_id asc, bot_id asc
 LIMIT 0, 20
Call details: 
Datetime: 2014-02-27 08:30:01
Username: grzesiek
IP: 127.1.1.1
URL: http://sealock/sealock/bilans-otwarcia?profiler=tak
FILE: /home/cracoviano/praca/firma/BR_badania_i_rozwoj/portal_3/libraries/core/functions.php
LINE: 148
 - - - - - - - - - - - - - - - - - - -

 - - - database error occurred! - - - 
Message: Prepare returned false.
Details:
SELECT COUNT(*) as cnt FROM ( SELECT slk_bilansy_otwarcia.bot_id, slk_bilansy_otwarcia.bot_virgo_title , slk_bilansy_otwarcia.bot_data bot_data, slk_bilansy_otwarcia.bot_sbo_id as bot_sbo_id , slk_statusy_bilans_otwarcia_parent.sbo_virgo_title as `status_bilans_otwarcia` , slk_bilansy_otwarcia.bot_mgz_id as bot_mgz_id , slk_magazyns_parent.mgz_virgo_title as `magazyn`  FROM slk_bilansy_otwarcia  LEFT OUTER JOIN slk_statusy_bilans_otwarcia AS slk_statusy_bilans_otwarcia_parent ON (slk_bilansy_otwarcia.bot_sbo_id = slk_statusy_bilans_otwarcia_parent.sbo_id)  LEFT OUTER JOIN slk_magazyns AS slk_magazyns_parent ON (slk_bilansy_otwarcia.bot_mgz_id = slk_magazyns_parent.mgz_id)  WHERE  1 = 1  AND slk_bilansy_otwarcia.bot_mgz_id = 1  ) as bilansy_otwarcia 
Call details: 
Datetime: 2014-02-27 08:30:04
Username: grzesiek
IP: 127.1.1.1
URL: http://sealock/sealock/bilans-otwarcia?profiler=t
FILE: /home/cracoviano/praca/firma/BR_badania_i_rozwoj/portal_3/libraries/core/functions.php
LINE: 148
 - - - - - - - - - - - - - - - - - - -

 - - - database error occurred! - - - 
Message: Prepare returned false.
Details:
SELECT * FROM (  SELECT slk_bilansy_otwarcia.bot_id, slk_bilansy_otwarcia.bot_virgo_title , slk_bilansy_otwarcia.bot_data bot_data, slk_bilansy_otwarcia.bot_sbo_id as bot_sbo_id , slk_statusy_bilans_otwarcia_parent.sbo_virgo_title as `status_bilans_otwarcia` , slk_bilansy_otwarcia.bot_mgz_id as bot_mgz_id , slk_magazyns_parent.mgz_virgo_title as `magazyn`  FROM slk_bilansy_otwarcia  LEFT OUTER JOIN slk_statusy_bilans_otwarcia AS slk_statusy_bilans_otwarcia_parent ON (slk_bilansy_otwarcia.bot_sbo_id = slk_statusy_bilans_otwarcia_parent.sbo_id)  LEFT OUTER JOIN slk_magazyns AS slk_magazyns_parent ON (slk_bilansy_otwarcia.bot_mgz_id = slk_magazyns_parent.mgz_id)  WHERE  1 = 1  AND slk_bilansy_otwarcia.bot_mgz_id = 1   ) as slk_bilansy_otwarcia 
 ORDER BY bot_id asc, bot_id asc
 LIMIT 0, 20
Call details: 
Datetime: 2014-02-27 08:30:04
Username: grzesiek
IP: 127.1.1.1
URL: http://sealock/sealock/bilans-otwarcia?profiler=t
FILE: /home/cracoviano/praca/firma/BR_badania_i_rozwoj/portal_3/libraries/core/functions.php
LINE: 148
 - - - - - - - - - - - - - - - - - - -

 - - - database error occurred! - - - 
Message: Prepare returned false.
Details:
SELECT COUNT(*) as cnt FROM ( SELECT slk_bilansy_otwarcia.bot_id, slk_bilansy_otwarcia.bot_virgo_title , slk_bilansy_otwarcia.bot_data bot_data, slk_bilansy_otwarcia.bot_sbo_id as bot_sbo_id , slk_statusy_bilans_otwarcia_parent.sbo_virgo_title as `status_bilans_otwarcia` , slk_bilansy_otwarcia.bot_mgz_id as bot_mgz_id , slk_magazyns_parent.mgz_virgo_title as `magazyn`  FROM slk_bilansy_otwarcia  LEFT OUTER JOIN slk_statusy_bilans_otwarcia AS slk_statusy_bilans_otwarcia_parent ON (slk_bilansy_otwarcia.bot_sbo_id = slk_statusy_bilans_otwarcia_parent.sbo_id)  LEFT OUTER JOIN slk_magazyns AS slk_magazyns_parent ON (slk_bilansy_otwarcia.bot_mgz_id = slk_magazyns_parent.mgz_id)  WHERE  1 = 1  AND slk_bilansy_otwarcia.bot_mgz_id = 1  ) as bilansy_otwarcia 
Call details: 
Datetime: 2014-02-27 08:30:14
Username: grzesiek
IP: 127.1.1.1
URL: http://sealock/sealock/bilans-otwarcia?profiler=T
FILE: /home/cracoviano/praca/firma/BR_badania_i_rozwoj/portal_3/libraries/core/functions.php
LINE: 148
 - - - - - - - - - - - - - - - - - - -

 - - - database error occurred! - - - 
Message: Prepare returned false.
Details:
SELECT * FROM (  SELECT slk_bilansy_otwarcia.bot_id, slk_bilansy_otwarcia.bot_virgo_title , slk_bilansy_otwarcia.bot_data bot_data, slk_bilansy_otwarcia.bot_sbo_id as bot_sbo_id , slk_statusy_bilans_otwarcia_parent.sbo_virgo_title as `status_bilans_otwarcia` , slk_bilansy_otwarcia.bot_mgz_id as bot_mgz_id , slk_magazyns_parent.mgz_virgo_title as `magazyn`  FROM slk_bilansy_otwarcia  LEFT OUTER JOIN slk_statusy_bilans_otwarcia AS slk_statusy_bilans_otwarcia_parent ON (slk_bilansy_otwarcia.bot_sbo_id = slk_statusy_bilans_otwarcia_parent.sbo_id)  LEFT OUTER JOIN slk_magazyns AS slk_magazyns_parent ON (slk_bilansy_otwarcia.bot_mgz_id = slk_magazyns_parent.mgz_id)  WHERE  1 = 1  AND slk_bilansy_otwarcia.bot_mgz_id = 1   ) as slk_bilansy_otwarcia 
 ORDER BY bot_id asc, bot_id asc
 LIMIT 0, 20
Call details: 
Datetime: 2014-02-27 08:30:14
Username: grzesiek
IP: 127.1.1.1
URL: http://sealock/sealock/bilans-otwarcia?profiler=T
FILE: /home/cracoviano/praca/firma/BR_badania_i_rozwoj/portal_3/libraries/core/functions.php
LINE: 148
 - - - - - - - - - - - - - - - - - - -

 - - - database error occurred! - - - 
Message: Prepare returned false. Table 'sealock.slk_grupy_dokumentow' doesn't exist
Details:
SELECT COUNT(*) as cnt FROM ( SELECT slk_grupy_dokumentow.gdk_id, slk_grupy_dokumentow.gdk_virgo_title  ,slk_grupy_dokumentow.gdk_virgo_deleted , slk_grupy_dokumentow.gdk_nazwa gdk_nazwa FROM slk_grupy_dokumentow  WHERE  1 = 1   ) as grupy_dokumentow 
Call details: 
Datetime: 2014-03-02 01:05:15
Username: metaadmin
IP: 127.1.1.1
URL: http://sealock/sealock/dane-slownikowe/rodzaje-dokumentow
FILE: /home/cracoviano/praca/firma/BR_badania_i_rozwoj/portal_3/libraries/core/functions.php
LINE: 157
 - - - - - - - - - - - - - - - - - - -

 - - - database error occurred! - - - 
Message: Prepare returned false. Table 'sealock.slk_grupy_dokumentow' doesn't exist
Details:
SELECT * FROM (  SELECT slk_grupy_dokumentow.gdk_id, slk_grupy_dokumentow.gdk_virgo_title  ,slk_grupy_dokumentow.gdk_virgo_deleted , slk_grupy_dokumentow.gdk_nazwa gdk_nazwa FROM slk_grupy_dokumentow  WHERE  1 = 1    ) as slk_grupy_dokumentow 
 ORDER BY gdk_id asc, gdk_id asc
 LIMIT 0, 20
Call details: 
Datetime: 2014-03-02 01:05:15
Username: metaadmin
IP: 127.1.1.1
URL: http://sealock/sealock/dane-slownikowe/rodzaje-dokumentow
FILE: /home/cracoviano/praca/firma/BR_badania_i_rozwoj/portal_3/libraries/core/functions.php
LINE: 157
 - - - - - - - - - - - - - - - - - - -

 - - - database error occurred! - - - 
Message: Prepare returned false. Table 'sealock.slk_grupy_dokumentow' doesn't exist
Details:
SELECT COUNT(*) as cnt FROM ( SELECT slk_grupy_dokumentow.gdk_id, slk_grupy_dokumentow.gdk_virgo_title  ,slk_grupy_dokumentow.gdk_virgo_deleted , slk_grupy_dokumentow.gdk_nazwa gdk_nazwa FROM slk_grupy_dokumentow  WHERE  1 = 1   ) as grupy_dokumentow 
Call details: 
Datetime: 2014-03-02 01:05:15
Username: metaadmin
IP: 127.1.1.1
URL: http://sealock/sealock/dane-slownikowe/rodzaje-dokumentow
FILE: /home/cracoviano/praca/firma/BR_badania_i_rozwoj/portal_3/libraries/core/functions.php
LINE: 157
 - - - - - - - - - - - - - - - - - - -

 - - - database error occurred! - - - 
Message: Prepare returned false. Table 'sealock.slk_grupy_dokumentow' doesn't exist
Details:
SELECT * FROM (  SELECT slk_grupy_dokumentow.gdk_id, slk_grupy_dokumentow.gdk_virgo_title  ,slk_grupy_dokumentow.gdk_virgo_deleted , slk_grupy_dokumentow.gdk_nazwa gdk_nazwa FROM slk_grupy_dokumentow  WHERE  1 = 1    ) as slk_grupy_dokumentow 
 ORDER BY gdk_id asc, gdk_id asc
 LIMIT 0, 20
Call details: 
Datetime: 2014-03-02 01:05:15
Username: metaadmin
IP: 127.1.1.1
URL: http://sealock/sealock/dane-slownikowe/rodzaje-dokumentow
FILE: /home/cracoviano/praca/firma/BR_badania_i_rozwoj/portal_3/libraries/core/functions.php
LINE: 157
 - - - - - - - - - - - - - - - - - - -

 - - - database error occurred! - - - 
Message: Prepare returned false. Table 'sealock.slk_grupy_dokumentow' doesn't exist
Details:
SELECT COUNT(*) as cnt FROM ( SELECT slk_grupy_dokumentow.gdk_id, slk_grupy_dokumentow.gdk_virgo_title  ,slk_grupy_dokumentow.gdk_virgo_deleted , slk_grupy_dokumentow.gdk_nazwa gdk_nazwa FROM slk_grupy_dokumentow  WHERE  1 = 1   ) as grupy_dokumentow 
Call details: 
Datetime: 2014-03-02 01:05:27
Username: metaadmin
IP: 127.1.1.1
URL: http://sealock/sealock/dane-slownikowe/rodzaje-dokumentow
FILE: /home/cracoviano/praca/firma/BR_badania_i_rozwoj/portal_3/libraries/core/functions.php
LINE: 157
 - - - - - - - - - - - - - - - - - - -

 - - - database error occurred! - - - 
Message: Prepare returned false. Table 'sealock.slk_grupy_dokumentow' doesn't exist
Details:
SELECT * FROM (  SELECT slk_grupy_dokumentow.gdk_id, slk_grupy_dokumentow.gdk_virgo_title  ,slk_grupy_dokumentow.gdk_virgo_deleted , slk_grupy_dokumentow.gdk_nazwa gdk_nazwa FROM slk_grupy_dokumentow  WHERE  1 = 1    ) as slk_grupy_dokumentow 
 ORDER BY gdk_id asc, gdk_id asc
 LIMIT 0, 20
Call details: 
Datetime: 2014-03-02 01:05:27
Username: metaadmin
IP: 127.1.1.1
URL: http://sealock/sealock/dane-slownikowe/rodzaje-dokumentow
FILE: /home/cracoviano/praca/firma/BR_badania_i_rozwoj/portal_3/libraries/core/functions.php
LINE: 157
 - - - - - - - - - - - - - - - - - - -

 - - - database error occurred! - - - 
Message: Prepare returned false. Table 'sealock.slk_rodzaje_dokumentow' doesn't exist
Details:
SELECT COUNT(*) as cnt FROM ( SELECT slk_rodzaje_dokumentow.rdk_id, slk_rodzaje_dokumentow.rdk_virgo_title , slk_rodzaje_dokumentow.rdk_symbol rdk_symbol, slk_rodzaje_dokumentow.rdk_gdk_id as rdk_gdk_id , slk_grupy_dokumentow_parent.gdk_virgo_title as `grupa_dokumentow`  FROM slk_rodzaje_dokumentow  LEFT OUTER JOIN slk_grupy_dokumentow AS slk_grupy_dokumentow_parent ON (slk_rodzaje_dokumentow.rdk_gdk_id = slk_grupy_dokumentow_parent.gdk_id)  WHERE  1 = 1   ) as rodzaje_dokumentow 
Call details: 
Datetime: 2014-03-03 22:45:43
Username: metaadmin
IP: 127.1.1.1
URL: http://sealock/sealock/dane-slownikowe/rodzaje-dokumentow
FILE: /home/cracoviano/praca/firma/BR_badania_i_rozwoj/portal_3/libraries/core/functions.php
LINE: 157
 - - - - - - - - - - - - - - - - - - -

 - - - database error occurred! - - - 
Message: Prepare returned false. Table 'sealock.slk_rodzaje_dokumentow' doesn't exist
Details:
SELECT * FROM (  SELECT slk_rodzaje_dokumentow.rdk_id, slk_rodzaje_dokumentow.rdk_virgo_title , slk_rodzaje_dokumentow.rdk_symbol rdk_symbol, slk_rodzaje_dokumentow.rdk_gdk_id as rdk_gdk_id , slk_grupy_dokumentow_parent.gdk_virgo_title as `grupa_dokumentow`  FROM slk_rodzaje_dokumentow  LEFT OUTER JOIN slk_grupy_dokumentow AS slk_grupy_dokumentow_parent ON (slk_rodzaje_dokumentow.rdk_gdk_id = slk_grupy_dokumentow_parent.gdk_id)  WHERE  1 = 1    ) as slk_rodzaje_dokumentow 
 ORDER BY rdk_id asc, rdk_id asc
 LIMIT 0, 20
Call details: 
Datetime: 2014-03-03 22:45:43
Username: metaadmin
IP: 127.1.1.1
URL: http://sealock/sealock/dane-slownikowe/rodzaje-dokumentow
FILE: /home/cracoviano/praca/firma/BR_badania_i_rozwoj/portal_3/libraries/core/functions.php
LINE: 157
 - - - - - - - - - - - - - - - - - - -

 - - - database error occurred! - - - 
Message: Prepare returned false. Table 'sealock.slk_rodzaje_dokumentow' doesn't exist
Details:
SELECT COUNT(*) as cnt FROM ( SELECT slk_rodzaje_dokumentow.rdk_id, slk_rodzaje_dokumentow.rdk_virgo_title , slk_rodzaje_dokumentow.rdk_symbol rdk_symbol, slk_rodzaje_dokumentow.rdk_gdk_id as rdk_gdk_id , slk_grupy_dokumentow_parent.gdk_virgo_title as `grupa_dokumentow`  FROM slk_rodzaje_dokumentow  LEFT OUTER JOIN slk_grupy_dokumentow AS slk_grupy_dokumentow_parent ON (slk_rodzaje_dokumentow.rdk_gdk_id = slk_grupy_dokumentow_parent.gdk_id)  WHERE  1 = 1   ) as rodzaje_dokumentow 
Call details: 
Datetime: 2014-03-03 22:50:54
Username: grzesiek
IP: 127.1.1.1
URL: http://sealock/sealock/dane-slownikowe/rodzaje-dokumentow
FILE: /home/cracoviano/praca/firma/BR_badania_i_rozwoj/portal_3/libraries/core/functions.php
LINE: 157
 - - - - - - - - - - - - - - - - - - -

 - - - database error occurred! - - - 
Message: Prepare returned false. Table 'sealock.slk_rodzaje_dokumentow' doesn't exist
Details:
SELECT * FROM (  SELECT slk_rodzaje_dokumentow.rdk_id, slk_rodzaje_dokumentow.rdk_virgo_title , slk_rodzaje_dokumentow.rdk_symbol rdk_symbol, slk_rodzaje_dokumentow.rdk_gdk_id as rdk_gdk_id , slk_grupy_dokumentow_parent.gdk_virgo_title as `grupa_dokumentow`  FROM slk_rodzaje_dokumentow  LEFT OUTER JOIN slk_grupy_dokumentow AS slk_grupy_dokumentow_parent ON (slk_rodzaje_dokumentow.rdk_gdk_id = slk_grupy_dokumentow_parent.gdk_id)  WHERE  1 = 1    ) as slk_rodzaje_dokumentow 
 ORDER BY rdk_id asc, rdk_id asc
 LIMIT 0, 20
Call details: 
Datetime: 2014-03-03 22:50:54
Username: grzesiek
IP: 127.1.1.1
URL: http://sealock/sealock/dane-slownikowe/rodzaje-dokumentow
FILE: /home/cracoviano/praca/firma/BR_badania_i_rozwoj/portal_3/libraries/core/functions.php
LINE: 157
 - - - - - - - - - - - - - - - - - - -

 - - - database error occurred! - - - 
Message: Prepare returned false. Table 'sealock.slk_rodzaje_dokumentow' doesn't exist
Details:
SELECT COUNT(*) as cnt FROM ( SELECT slk_rodzaje_dokumentow.rdk_id, slk_rodzaje_dokumentow.rdk_virgo_title , slk_rodzaje_dokumentow.rdk_symbol rdk_symbol, slk_rodzaje_dokumentow.rdk_gdk_id as rdk_gdk_id , slk_grupy_dokumentow_parent.gdk_virgo_title as `grupa_dokumentow`  FROM slk_rodzaje_dokumentow  LEFT OUTER JOIN slk_grupy_dokumentow AS slk_grupy_dokumentow_parent ON (slk_rodzaje_dokumentow.rdk_gdk_id = slk_grupy_dokumentow_parent.gdk_id)  WHERE  1 = 1   ) as rodzaje_dokumentow 
Call details: 
Datetime: 2014-03-03 23:44:21
Username: metaadmin
IP: 127.1.1.1
URL: http://sealock/sealock/dane-slownikowe/rodzaje-dokumentow
FILE: /home/cracoviano/praca/firma/BR_badania_i_rozwoj/portal_3/libraries/core/functions.php
LINE: 157
 - - - - - - - - - - - - - - - - - - -

 - - - database error occurred! - - - 
Message: Prepare returned false. Table 'sealock.slk_rodzaje_dokumentow' doesn't exist
Details:
SELECT * FROM (  SELECT slk_rodzaje_dokumentow.rdk_id, slk_rodzaje_dokumentow.rdk_virgo_title , slk_rodzaje_dokumentow.rdk_symbol rdk_symbol, slk_rodzaje_dokumentow.rdk_gdk_id as rdk_gdk_id , slk_grupy_dokumentow_parent.gdk_virgo_title as `grupa_dokumentow`  FROM slk_rodzaje_dokumentow  LEFT OUTER JOIN slk_grupy_dokumentow AS slk_grupy_dokumentow_parent ON (slk_rodzaje_dokumentow.rdk_gdk_id = slk_grupy_dokumentow_parent.gdk_id)  WHERE  1 = 1    ) as slk_rodzaje_dokumentow 
 ORDER BY rdk_id asc, rdk_id asc
 LIMIT 0, 20
Call details: 
Datetime: 2014-03-03 23:44:21
Username: metaadmin
IP: 127.1.1.1
URL: http://sealock/sealock/dane-slownikowe/rodzaje-dokumentow
FILE: /home/cracoviano/praca/firma/BR_badania_i_rozwoj/portal_3/libraries/core/functions.php
LINE: 157
 - - - - - - - - - - - - - - - - - - -

 - - - database error occurred! - - - 
Message: Prepare returned false. Table 'sealock.slk_rodzaje_dokumentow' doesn't exist
Details:
SELECT COUNT(*) as cnt FROM ( SELECT slk_rodzaje_dokumentow.rdk_id, slk_rodzaje_dokumentow.rdk_virgo_title , slk_rodzaje_dokumentow.rdk_symbol rdk_symbol, slk_rodzaje_dokumentow.rdk_gdk_id as rdk_gdk_id , slk_grupy_dokumentow_parent.gdk_virgo_title as `grupa_dokumentow`  FROM slk_rodzaje_dokumentow  LEFT OUTER JOIN slk_grupy_dokumentow AS slk_grupy_dokumentow_parent ON (slk_rodzaje_dokumentow.rdk_gdk_id = slk_grupy_dokumentow_parent.gdk_id)  WHERE  1 = 1  AND slk_rodzaje_dokumentow.rdk_gdk_id = 1  ) as rodzaje_dokumentow 
Call details: 
Datetime: 2014-03-03 23:46:36
Username: grzesiek
IP: 127.1.1.1
URL: http://sealock/sealock/dane-slownikowe/rodzaje-dokumentow
FILE: /home/cracoviano/praca/firma/BR_badania_i_rozwoj/portal_3/libraries/core/functions.php
LINE: 157
 - - - - - - - - - - - - - - - - - - -

 - - - database error occurred! - - - 
Message: Prepare returned false. Table 'sealock.slk_rodzaje_dokumentow' doesn't exist
Details:
SELECT * FROM (  SELECT slk_rodzaje_dokumentow.rdk_id, slk_rodzaje_dokumentow.rdk_virgo_title , slk_rodzaje_dokumentow.rdk_symbol rdk_symbol, slk_rodzaje_dokumentow.rdk_gdk_id as rdk_gdk_id , slk_grupy_dokumentow_parent.gdk_virgo_title as `grupa_dokumentow`  FROM slk_rodzaje_dokumentow  LEFT OUTER JOIN slk_grupy_dokumentow AS slk_grupy_dokumentow_parent ON (slk_rodzaje_dokumentow.rdk_gdk_id = slk_grupy_dokumentow_parent.gdk_id)  WHERE  1 = 1  AND slk_rodzaje_dokumentow.rdk_gdk_id = 1   ) as slk_rodzaje_dokumentow 
 ORDER BY rdk_id asc, rdk_id asc
 LIMIT 0, 20
Call details: 
Datetime: 2014-03-03 23:46:36
Username: grzesiek
IP: 127.1.1.1
URL: http://sealock/sealock/dane-slownikowe/rodzaje-dokumentow
FILE: /home/cracoviano/praca/firma/BR_badania_i_rozwoj/portal_3/libraries/core/functions.php
LINE: 157
 - - - - - - - - - - - - - - - - - - -

 - - - database error occurred! - - - 
Message: Prepare returned false. Table 'sealock.slk_rodzaje_dokumentow' doesn't exist
Details:
SELECT COUNT(*) as cnt FROM ( SELECT slk_rodzaje_dokumentow.rdk_id, slk_rodzaje_dokumentow.rdk_virgo_title , slk_rodzaje_dokumentow.rdk_symbol rdk_symbol, slk_rodzaje_dokumentow.rdk_gdk_id as rdk_gdk_id , slk_grupy_dokumentow_parent.gdk_virgo_title as `grupa_dokumentow`  FROM slk_rodzaje_dokumentow  LEFT OUTER JOIN slk_grupy_dokumentow AS slk_grupy_dokumentow_parent ON (slk_rodzaje_dokumentow.rdk_gdk_id = slk_grupy_dokumentow_parent.gdk_id)  WHERE  1 = 1  AND slk_rodzaje_dokumentow.rdk_gdk_id = 2  ) as rodzaje_dokumentow 
Call details: 
Datetime: 2014-03-03 23:47:01
Username: grzesiek
IP: 127.1.1.1
URL: http://sealock/sealock/dane-slownikowe/rodzaje-dokumentow
FILE: /home/cracoviano/praca/firma/BR_badania_i_rozwoj/portal_3/libraries/core/functions.php
LINE: 157
 - - - - - - - - - - - - - - - - - - -

 - - - database error occurred! - - - 
Message: Prepare returned false. Table 'sealock.slk_rodzaje_dokumentow' doesn't exist
Details:
SELECT * FROM (  SELECT slk_rodzaje_dokumentow.rdk_id, slk_rodzaje_dokumentow.rdk_virgo_title , slk_rodzaje_dokumentow.rdk_symbol rdk_symbol, slk_rodzaje_dokumentow.rdk_gdk_id as rdk_gdk_id , slk_grupy_dokumentow_parent.gdk_virgo_title as `grupa_dokumentow`  FROM slk_rodzaje_dokumentow  LEFT OUTER JOIN slk_grupy_dokumentow AS slk_grupy_dokumentow_parent ON (slk_rodzaje_dokumentow.rdk_gdk_id = slk_grupy_dokumentow_parent.gdk_id)  WHERE  1 = 1  AND slk_rodzaje_dokumentow.rdk_gdk_id = 2   ) as slk_rodzaje_dokumentow 
 ORDER BY rdk_id asc, rdk_id asc
 LIMIT 0, 20
Call details: 
Datetime: 2014-03-03 23:47:01
Username: grzesiek
IP: 127.1.1.1
URL: http://sealock/sealock/dane-slownikowe/rodzaje-dokumentow
FILE: /home/cracoviano/praca/firma/BR_badania_i_rozwoj/portal_3/libraries/core/functions.php
LINE: 157
 - - - - - - - - - - - - - - - - - - -

 - - - database error occurred! - - - 
Message: Prepare returned false. Table 'sealock.slk_rodzaje_dokumentow' doesn't exist
Details:
SELECT COUNT(*) as cnt FROM ( SELECT slk_rodzaje_dokumentow.rdk_id, slk_rodzaje_dokumentow.rdk_virgo_title , slk_rodzaje_dokumentow.rdk_symbol rdk_symbol, slk_rodzaje_dokumentow.rdk_gdk_id as rdk_gdk_id , slk_grupy_dokumentow_parent.gdk_virgo_title as `grupa_dokumentow`  FROM slk_rodzaje_dokumentow  LEFT OUTER JOIN slk_grupy_dokumentow AS slk_grupy_dokumentow_parent ON (slk_rodzaje_dokumentow.rdk_gdk_id = slk_grupy_dokumentow_parent.gdk_id)  WHERE  1 = 1  AND slk_rodzaje_dokumentow.rdk_gdk_id = 1  ) as rodzaje_dokumentow 
Call details: 
Datetime: 2014-03-04 00:02:02
Username: grzesiek
IP: 127.1.1.1
URL: http://sealock/sealock/dane-slownikowe/rodzaje-dokumentow
FILE: /home/cracoviano/praca/firma/BR_badania_i_rozwoj/portal_3/libraries/core/functions.php
LINE: 157
 - - - - - - - - - - - - - - - - - - -

 - - - database error occurred! - - - 
Message: Prepare returned false. Table 'sealock.slk_rodzaje_dokumentow' doesn't exist
Details:
SELECT * FROM (  SELECT slk_rodzaje_dokumentow.rdk_id, slk_rodzaje_dokumentow.rdk_virgo_title , slk_rodzaje_dokumentow.rdk_symbol rdk_symbol, slk_rodzaje_dokumentow.rdk_gdk_id as rdk_gdk_id , slk_grupy_dokumentow_parent.gdk_virgo_title as `grupa_dokumentow`  FROM slk_rodzaje_dokumentow  LEFT OUTER JOIN slk_grupy_dokumentow AS slk_grupy_dokumentow_parent ON (slk_rodzaje_dokumentow.rdk_gdk_id = slk_grupy_dokumentow_parent.gdk_id)  WHERE  1 = 1  AND slk_rodzaje_dokumentow.rdk_gdk_id = 1   ) as slk_rodzaje_dokumentow 
 ORDER BY rdk_id asc, rdk_id asc
 LIMIT 0, 20
Call details: 
Datetime: 2014-03-04 00:02:02
Username: grzesiek
IP: 127.1.1.1
URL: http://sealock/sealock/dane-slownikowe/rodzaje-dokumentow
FILE: /home/cracoviano/praca/firma/BR_badania_i_rozwoj/portal_3/libraries/core/functions.php
LINE: 157
 - - - - - - - - - - - - - - - - - - -

 - - - database error occurred! - - - 
Message: Prepare returned false. Table 'sealock.slk_rodzaje_dokumentow' doesn't exist
Details:
SELECT COUNT(*) as cnt FROM ( SELECT slk_rodzaje_dokumentow.rdk_id, slk_rodzaje_dokumentow.rdk_virgo_title , slk_rodzaje_dokumentow.rdk_symbol rdk_symbol, slk_rodzaje_dokumentow.rdk_gdk_id as rdk_gdk_id , slk_grupy_dokumentow_parent.gdk_virgo_title as `grupa_dokumentow`  FROM slk_rodzaje_dokumentow  LEFT OUTER JOIN slk_grupy_dokumentow AS slk_grupy_dokumentow_parent ON (slk_rodzaje_dokumentow.rdk_gdk_id = slk_grupy_dokumentow_parent.gdk_id)  WHERE  1 = 1  AND slk_rodzaje_dokumentow.rdk_gdk_id = 1  ) as rodzaje_dokumentow 
Call details: 
Datetime: 2014-03-04 00:02:12
Username: grzesiek
IP: 127.1.1.1
URL: http://sealock/sealock/dane-slownikowe/rodzaje-dokumentow
FILE: /home/cracoviano/praca/firma/BR_badania_i_rozwoj/portal_3/libraries/core/functions.php
LINE: 157
 - - - - - - - - - - - - - - - - - - -

 - - - database error occurred! - - - 
Message: Prepare returned false. Table 'sealock.slk_rodzaje_dokumentow' doesn't exist
Details:
SELECT * FROM (  SELECT slk_rodzaje_dokumentow.rdk_id, slk_rodzaje_dokumentow.rdk_virgo_title , slk_rodzaje_dokumentow.rdk_symbol rdk_symbol, slk_rodzaje_dokumentow.rdk_gdk_id as rdk_gdk_id , slk_grupy_dokumentow_parent.gdk_virgo_title as `grupa_dokumentow`  FROM slk_rodzaje_dokumentow  LEFT OUTER JOIN slk_grupy_dokumentow AS slk_grupy_dokumentow_parent ON (slk_rodzaje_dokumentow.rdk_gdk_id = slk_grupy_dokumentow_parent.gdk_id)  WHERE  1 = 1  AND slk_rodzaje_dokumentow.rdk_gdk_id = 1   ) as slk_rodzaje_dokumentow 
 ORDER BY rdk_id asc, rdk_id asc
 LIMIT 0, 20
Call details: 
Datetime: 2014-03-04 00:02:12
Username: grzesiek
IP: 127.1.1.1
URL: http://sealock/sealock/dane-slownikowe/rodzaje-dokumentow
FILE: /home/cracoviano/praca/firma/BR_badania_i_rozwoj/portal_3/libraries/core/functions.php
LINE: 157
 - - - - - - - - - - - - - - - - - - -

 - - - database error occurred! - - - 
Message: Prepare returned false. Table 'sealock.slk_rodzaje_dokumentow' doesn't exist
Details:
SELECT COUNT(*) as cnt FROM ( SELECT slk_rodzaje_dokumentow.rdk_id, slk_rodzaje_dokumentow.rdk_virgo_title , slk_rodzaje_dokumentow.rdk_symbol rdk_symbol, slk_rodzaje_dokumentow.rdk_gdk_id as rdk_gdk_id , slk_grupy_dokumentow_parent.gdk_virgo_title as `grupa_dokumentow`  FROM slk_rodzaje_dokumentow  LEFT OUTER JOIN slk_grupy_dokumentow AS slk_grupy_dokumentow_parent ON (slk_rodzaje_dokumentow.rdk_gdk_id = slk_grupy_dokumentow_parent.gdk_id)  WHERE  1 = 1  AND slk_rodzaje_dokumentow.rdk_gdk_id = 1  ) as rodzaje_dokumentow 
Call details: 
Datetime: 2014-03-04 00:02:39
Username: grzesiek
IP: 127.1.1.1
URL: http://sealock/sealock/dane-slownikowe/rodzaje-dokumentow
FILE: /home/cracoviano/praca/firma/BR_badania_i_rozwoj/portal_3/libraries/core/functions.php
LINE: 157
 - - - - - - - - - - - - - - - - - - -

 - - - database error occurred! - - - 
Message: Prepare returned false. Table 'sealock.slk_rodzaje_dokumentow' doesn't exist
Details:
SELECT * FROM (  SELECT slk_rodzaje_dokumentow.rdk_id, slk_rodzaje_dokumentow.rdk_virgo_title , slk_rodzaje_dokumentow.rdk_symbol rdk_symbol, slk_rodzaje_dokumentow.rdk_gdk_id as rdk_gdk_id , slk_grupy_dokumentow_parent.gdk_virgo_title as `grupa_dokumentow`  FROM slk_rodzaje_dokumentow  LEFT OUTER JOIN slk_grupy_dokumentow AS slk_grupy_dokumentow_parent ON (slk_rodzaje_dokumentow.rdk_gdk_id = slk_grupy_dokumentow_parent.gdk_id)  WHERE  1 = 1  AND slk_rodzaje_dokumentow.rdk_gdk_id = 1   ) as slk_rodzaje_dokumentow 
 ORDER BY rdk_id asc, rdk_id asc
 LIMIT 0, 20
Call details: 
Datetime: 2014-03-04 00:02:39
Username: grzesiek
IP: 127.1.1.1
URL: http://sealock/sealock/dane-slownikowe/rodzaje-dokumentow
FILE: /home/cracoviano/praca/firma/BR_badania_i_rozwoj/portal_3/libraries/core/functions.php
LINE: 157
 - - - - - - - - - - - - - - - - - - -

 - - - database error occurred! - - - 
Message: Prepare returned false. Table 'sealock.slk_rodzaje_dokumentow' doesn't exist
Details:
SELECT COUNT(*) as cnt FROM ( SELECT slk_rodzaje_dokumentow.rdk_id, slk_rodzaje_dokumentow.rdk_virgo_title , slk_rodzaje_dokumentow.rdk_symbol rdk_symbol, slk_rodzaje_dokumentow.rdk_gdk_id as rdk_gdk_id , slk_grupy_dokumentow_parent.gdk_virgo_title as `grupa_dokumentow`  FROM slk_rodzaje_dokumentow  LEFT OUTER JOIN slk_grupy_dokumentow AS slk_grupy_dokumentow_parent ON (slk_rodzaje_dokumentow.rdk_gdk_id = slk_grupy_dokumentow_parent.gdk_id)  WHERE  1 = 1  AND slk_rodzaje_dokumentow.rdk_gdk_id = 1  ) as rodzaje_dokumentow 
Call details: 
Datetime: 2014-03-04 00:02:49
Username: grzesiek
IP: 127.1.1.1
URL: http://sealock/sealock/dane-slownikowe/rodzaje-dokumentow
FILE: /home/cracoviano/praca/firma/BR_badania_i_rozwoj/portal_3/libraries/core/functions.php
LINE: 157
 - - - - - - - - - - - - - - - - - - -

 - - - database error occurred! - - - 
Message: Prepare returned false. Table 'sealock.slk_rodzaje_dokumentow' doesn't exist
Details:
SELECT * FROM (  SELECT slk_rodzaje_dokumentow.rdk_id, slk_rodzaje_dokumentow.rdk_virgo_title , slk_rodzaje_dokumentow.rdk_symbol rdk_symbol, slk_rodzaje_dokumentow.rdk_gdk_id as rdk_gdk_id , slk_grupy_dokumentow_parent.gdk_virgo_title as `grupa_dokumentow`  FROM slk_rodzaje_dokumentow  LEFT OUTER JOIN slk_grupy_dokumentow AS slk_grupy_dokumentow_parent ON (slk_rodzaje_dokumentow.rdk_gdk_id = slk_grupy_dokumentow_parent.gdk_id)  WHERE  1 = 1  AND slk_rodzaje_dokumentow.rdk_gdk_id = 1   ) as slk_rodzaje_dokumentow 
 ORDER BY rdk_id asc, rdk_id asc
 LIMIT 0, 20
Call details: 
Datetime: 2014-03-04 00:02:49
Username: grzesiek
IP: 127.1.1.1
URL: http://sealock/sealock/dane-slownikowe/rodzaje-dokumentow
FILE: /home/cracoviano/praca/firma/BR_badania_i_rozwoj/portal_3/libraries/core/functions.php
LINE: 157
 - - - - - - - - - - - - - - - - - - -

 - - - database error occurred! - - - 
Message: Prepare returned false. Table 'sealock.slk_rodzaje_dokumentow' doesn't exist
Details:
SELECT COUNT(*) as cnt FROM ( SELECT slk_rodzaje_dokumentow.rdk_id, slk_rodzaje_dokumentow.rdk_virgo_title , slk_rodzaje_dokumentow.rdk_symbol rdk_symbol, slk_rodzaje_dokumentow.rdk_gdk_id as rdk_gdk_id , slk_grupy_dokumentow_parent.gdk_virgo_title as `grupa_dokumentow`  FROM slk_rodzaje_dokumentow  LEFT OUTER JOIN slk_grupy_dokumentow AS slk_grupy_dokumentow_parent ON (slk_rodzaje_dokumentow.rdk_gdk_id = slk_grupy_dokumentow_parent.gdk_id)  WHERE  1 = 1  AND slk_rodzaje_dokumentow.rdk_gdk_id = 1  ) as rodzaje_dokumentow 
Call details: 
Datetime: 2014-03-04 00:03:02
Username: grzesiek
IP: 127.1.1.1
URL: http://sealock/sealock/dane-slownikowe/rodzaje-dokumentow
FILE: /home/cracoviano/praca/firma/BR_badania_i_rozwoj/portal_3/libraries/core/functions.php
LINE: 157
 - - - - - - - - - - - - - - - - - - -

 - - - database error occurred! - - - 
Message: Prepare returned false. Table 'sealock.slk_rodzaje_dokumentow' doesn't exist
Details:
SELECT * FROM (  SELECT slk_rodzaje_dokumentow.rdk_id, slk_rodzaje_dokumentow.rdk_virgo_title , slk_rodzaje_dokumentow.rdk_symbol rdk_symbol, slk_rodzaje_dokumentow.rdk_gdk_id as rdk_gdk_id , slk_grupy_dokumentow_parent.gdk_virgo_title as `grupa_dokumentow`  FROM slk_rodzaje_dokumentow  LEFT OUTER JOIN slk_grupy_dokumentow AS slk_grupy_dokumentow_parent ON (slk_rodzaje_dokumentow.rdk_gdk_id = slk_grupy_dokumentow_parent.gdk_id)  WHERE  1 = 1  AND slk_rodzaje_dokumentow.rdk_gdk_id = 1   ) as slk_rodzaje_dokumentow 
 ORDER BY rdk_id asc, rdk_id asc
 LIMIT 0, 20
Call details: 
Datetime: 2014-03-04 00:03:02
Username: grzesiek
IP: 127.1.1.1
URL: http://sealock/sealock/dane-slownikowe/rodzaje-dokumentow
FILE: /home/cracoviano/praca/firma/BR_badania_i_rozwoj/portal_3/libraries/core/functions.php
LINE: 157
 - - - - - - - - - - - - - - - - - - -

 - - - database error occurred! - - - 
Message: Prepare returned false. Table 'sealock.slk_rodzaje_dokumentow' doesn't exist
Details:
SELECT COUNT(*) as cnt FROM ( SELECT slk_rodzaje_dokumentow.rdk_id, slk_rodzaje_dokumentow.rdk_virgo_title , slk_rodzaje_dokumentow.rdk_symbol rdk_symbol, slk_rodzaje_dokumentow.rdk_gdk_id as rdk_gdk_id , slk_grupy_dokumentow_parent.gdk_virgo_title as `grupa_dokumentow`  FROM slk_rodzaje_dokumentow  LEFT OUTER JOIN slk_grupy_dokumentow AS slk_grupy_dokumentow_parent ON (slk_rodzaje_dokumentow.rdk_gdk_id = slk_grupy_dokumentow_parent.gdk_id)  WHERE  1 = 1  AND slk_rodzaje_dokumentow.rdk_gdk_id = 1  ) as rodzaje_dokumentow 
Call details: 
Datetime: 2014-03-04 00:03:09
Username: grzesiek
IP: 127.1.1.1
URL: http://sealock/sealock/dane-slownikowe/rodzaje-dokumentow
FILE: /home/cracoviano/praca/firma/BR_badania_i_rozwoj/portal_3/libraries/core/functions.php
LINE: 157
 - - - - - - - - - - - - - - - - - - -

 - - - database error occurred! - - - 
Message: Prepare returned false. Table 'sealock.slk_rodzaje_dokumentow' doesn't exist
Details:
SELECT * FROM (  SELECT slk_rodzaje_dokumentow.rdk_id, slk_rodzaje_dokumentow.rdk_virgo_title , slk_rodzaje_dokumentow.rdk_symbol rdk_symbol, slk_rodzaje_dokumentow.rdk_gdk_id as rdk_gdk_id , slk_grupy_dokumentow_parent.gdk_virgo_title as `grupa_dokumentow`  FROM slk_rodzaje_dokumentow  LEFT OUTER JOIN slk_grupy_dokumentow AS slk_grupy_dokumentow_parent ON (slk_rodzaje_dokumentow.rdk_gdk_id = slk_grupy_dokumentow_parent.gdk_id)  WHERE  1 = 1  AND slk_rodzaje_dokumentow.rdk_gdk_id = 1   ) as slk_rodzaje_dokumentow 
 ORDER BY rdk_id asc, rdk_id asc
 LIMIT 0, 20
Call details: 
Datetime: 2014-03-04 00:03:09
Username: grzesiek
IP: 127.1.1.1
URL: http://sealock/sealock/dane-slownikowe/rodzaje-dokumentow
FILE: /home/cracoviano/praca/firma/BR_badania_i_rozwoj/portal_3/libraries/core/functions.php
LINE: 157
 - - - - - - - - - - - - - - - - - - -

 - - - database error occurred! - - - 
Message: Prepare returned false. Table 'sealock.slk_rodzaje_dokumentow' doesn't exist
Details:
SELECT COUNT(*) as cnt FROM ( SELECT slk_rodzaje_dokumentow.rdk_id, slk_rodzaje_dokumentow.rdk_virgo_title , slk_rodzaje_dokumentow.rdk_symbol rdk_symbol, slk_rodzaje_dokumentow.rdk_gdk_id as rdk_gdk_id , slk_grupy_dokumentow_parent.gdk_virgo_title as `grupa_dokumentow`  FROM slk_rodzaje_dokumentow  LEFT OUTER JOIN slk_grupy_dokumentow AS slk_grupy_dokumentow_parent ON (slk_rodzaje_dokumentow.rdk_gdk_id = slk_grupy_dokumentow_parent.gdk_id)  WHERE  1 = 1  AND slk_rodzaje_dokumentow.rdk_gdk_id = 1  ) as rodzaje_dokumentow 
Call details: 
Datetime: 2014-03-04 00:09:10
Username: grzesiek
IP: 127.1.1.1
URL: http://sealock/sealock/dane-slownikowe/rodzaje-dokumentow
FILE: /home/cracoviano/praca/firma/BR_badania_i_rozwoj/portal_3/libraries/core/functions.php
LINE: 157
 - - - - - - - - - - - - - - - - - - -

 - - - database error occurred! - - - 
Message: Prepare returned false. Table 'sealock.slk_rodzaje_dokumentow' doesn't exist
Details:
SELECT * FROM (  SELECT slk_rodzaje_dokumentow.rdk_id, slk_rodzaje_dokumentow.rdk_virgo_title , slk_rodzaje_dokumentow.rdk_symbol rdk_symbol, slk_rodzaje_dokumentow.rdk_gdk_id as rdk_gdk_id , slk_grupy_dokumentow_parent.gdk_virgo_title as `grupa_dokumentow`  FROM slk_rodzaje_dokumentow  LEFT OUTER JOIN slk_grupy_dokumentow AS slk_grupy_dokumentow_parent ON (slk_rodzaje_dokumentow.rdk_gdk_id = slk_grupy_dokumentow_parent.gdk_id)  WHERE  1 = 1  AND slk_rodzaje_dokumentow.rdk_gdk_id = 1   ) as slk_rodzaje_dokumentow 
 ORDER BY rdk_id asc, rdk_id asc
 LIMIT 0, 20
Call details: 
Datetime: 2014-03-04 00:09:10
Username: grzesiek
IP: 127.1.1.1
URL: http://sealock/sealock/dane-slownikowe/rodzaje-dokumentow
FILE: /home/cracoviano/praca/firma/BR_badania_i_rozwoj/portal_3/libraries/core/functions.php
LINE: 157
 - - - - - - - - - - - - - - - - - - -

 - - - database error occurred! - - - 
Message: Prepare returned false. Table 'sealock.slk_rodzaje_dokumentow' doesn't exist
Details:
 SELECT COUNT(*) FROM slk_rodzaje_dokumentow  WHERE  1 = 1  AND UPPER(rdk_symbol) = UPPER(?) 
Call details: 
Datetime: 2014-03-04 00:25:36
Username: grzesiek
IP: 127.1.1.1
URL: http://sealock/sealock/dane-slownikowe/rodzaje-dokumentow
FILE: /home/cracoviano/praca/firma/BR_badania_i_rozwoj/portal_3/libraries/core/functions.php
LINE: 229
 - - - - - - - - - - - - - - - - - - -

 - - - database error occurred! - - - 
Message: Prepare returned false. Table 'sealock.slk_rodzaje_dokumentow' doesn't exist
Details:
INSERT INTO slk_rodzaje_dokumentow (  rdk_nazwa,  rdk_symbol,  rdk_zwiekszajacy,  rdk_wlasny,  rdk_wewnetrzny,  rdk_korekta,  rdk_zastepczy,  rdk_gdk_id,  rdk_virgo_title, rdk_date_created, rdk_usr_created_id) VALUES (  ? , ? , ? , ? , ? , ? , ? , ? ,  ? , ? , ? ) 
Call details: 
Datetime: 2014-03-04 00:25:36
Username: grzesiek
IP: 127.1.1.1
URL: http://sealock/sealock/dane-slownikowe/rodzaje-dokumentow
FILE: /home/cracoviano/praca/firma/BR_badania_i_rozwoj/portal_3/portlets/sealock/virgoRodzajDokumentu/controller.php
LINE: 1526
 - - - - - - - - - - - - - - - - - - -

 - - - database error occurred! - - - 
Message: Table 'sealock.slk_rodzaje_dokumentow' doesn't exist
Details:
SHOW COLUMNS FROM slk_rodzaje_dokumentow
Call details: 
Datetime: 2014-03-04 00:25:37
Username: grzesiek
IP: 127.1.1.1
URL: http://sealock/sealock/dane-slownikowe/rodzaje-dokumentow
FILE: /home/cracoviano/praca/firma/BR_badania_i_rozwoj/portal_3/portlets/sealock/virgoRodzajDokumentu/controller.php
LINE: 1354
 - - - - - - - - - - - - - - - - - - -

 - - - database error occurred! - - - 
Message: Table 'sealock.slk_rodzaje_dokumentow' doesn't exist
Details:
ALTER TABLE slk_rodzaje_dokumentow ADD COLUMN (rdk_virgo_title VARCHAR(255));
Call details: 
Datetime: 2014-03-04 00:25:37
Username: grzesiek
IP: 127.1.1.1
URL: http://sealock/sealock/dane-slownikowe/rodzaje-dokumentow
FILE: /home/cracoviano/praca/firma/BR_badania_i_rozwoj/portal_3/portlets/sealock/virgoRodzajDokumentu/controller.php
LINE: 1367
 - - - - - - - - - - - - - - - - - - -

 - - - database error occurred! - - - 
Message: Prepare returned false. Table 'sealock.slk_rodzaje_dokumentow' doesn't exist
Details:
INSERT INTO slk_rodzaje_dokumentow (  rdk_nazwa,  rdk_symbol,  rdk_zwiekszajacy,  rdk_wlasny,  rdk_wewnetrzny,  rdk_korekta,  rdk_zastepczy,  rdk_gdk_id,  rdk_virgo_title, rdk_date_created, rdk_usr_created_id) VALUES (  ? , ? , ? , ? , ? , ? , ? , ? ,  ? , ? , ? ) 
Call details: 
Datetime: 2014-03-04 00:25:37
Username: grzesiek
IP: 127.1.1.1
URL: http://sealock/sealock/dane-slownikowe/rodzaje-dokumentow
FILE: /home/cracoviano/praca/firma/BR_badania_i_rozwoj/portal_3/portlets/sealock/virgoRodzajDokumentu/controller.php
LINE: 1526
 - - - - - - - - - - - - - - - - - - -

 - - - database error occurred! - - - 
Message: Table 'sealock.slk_status_zamowienia_history' doesn't exist
Details:
SELECT szm_virgo_title, username, change_timestamp FROM slk_status_zamowienia_history h LEFT OUTER JOIN slk_statusy_zamowien s ON s.szm_id = h.szm_id WHERE h.zmw_id = 1 ORDER BY change_timestamp DESC 
Call details: 
Datetime: 2014-03-24 21:51:43
Username: grzesiek
IP: 127.1.1.1
URL: http://sealock/sealock/zamowienia
FILE: /home/cracoviano/praca/firma/BR_badania_i_rozwoj/portal_3/libraries/core/functions.php
LINE: 157
 - - - - - - - - - - - - - - - - - - -

 - - - database error occurred! - - - 
Message: You have an error in your SQL syntax; check the manual that corresponds to your MySQL server version for the right syntax to use near 'ORDER BY change_timestamp DESC' at line 1
Details:
SELECT szm_virgo_title, username, change_timestamp FROM slk_status_zamowienia_history h LEFT OUTER JOIN slk_statusy_zamowien s ON s.szm_id = h.szm_id WHERE h.zmw_id =  ORDER BY change_timestamp DESC 
Call details: 
Datetime: 2014-03-26 09:31:36
Username: metaadmin
IP: 127.1.1.1
URL: http://sealock/sealock/zamowienia
FILE: /home/cracoviano/praca/firma/BR_badania_i_rozwoj/portal_3/libraries/core/functions.php
LINE: 157
 - - - - - - - - - - - - - - - - - - -

 - - - database error occurred! - - - 
Message: You have an error in your SQL syntax; check the manual that corresponds to your MySQL server version for the right syntax to use near 'ORDER BY change_timestamp DESC' at line 1
Details:
SELECT szm_virgo_title, username, change_timestamp FROM slk_status_zamowienia_history h LEFT OUTER JOIN slk_statusy_zamowien s ON s.szm_id = h.szm_id WHERE h.zmw_id =  ORDER BY change_timestamp DESC 
Call details: 
Datetime: 2014-03-28 19:52:56
Username: grzesiek
IP: 127.1.1.1
URL: http://sealock/sealock/zamowienia
FILE: /home/cracoviano/praca/firma/BR_badania_i_rozwoj/portal_3/libraries/core/functions.php
LINE: 157
 - - - - - - - - - - - - - - - - - - -

 - - - database error occurred! - - - 
Message: You have an error in your SQL syntax; check the manual that corresponds to your MySQL server version for the right syntax to use near 'ORDER BY change_timestamp DESC' at line 1
Details:
SELECT szm_virgo_title, username, change_timestamp FROM slk_status_zamowienia_history h LEFT OUTER JOIN slk_statusy_zamowien s ON s.szm_id = h.szm_id WHERE h.zmw_id =  ORDER BY change_timestamp DESC 
Call details: 
Datetime: 2014-03-28 19:54:18
Username: grzesiek
IP: 127.1.1.1
URL: http://sealock/sealock/zamowienia
FILE: /home/cracoviano/praca/firma/BR_badania_i_rozwoj/portal_3/libraries/core/functions.php
LINE: 157
 - - - - - - - - - - - - - - - - - - -

 - - - database error occurred! - - - 
Message: Table 'sealock.slk_task_status_history' doesn't exist
Details:

SELECT 
	next.change_timestamp time, 
	ent.zmw_virgo_title element, 
	szmp.szm_virgo_title old_status, 
	szmn.szm_virgo_title new_status, 
	next.username user
FROM 
	slk_task_status_history next
	LEFT OUTER JOIN slk_task_status_history prev ON prev.zmw_id = next.zmw_id AND prev.szm_id != next.szm_id
	LEFT OUTER JOIN slk_task_statuses szmp ON szmp.szm_id = prev.szm_id
	LEFT OUTER JOIN slk_task_statuses szmn ON szmn.szm_id = next.szm_id
	LEFT OUTER JOIN slk_zamowienia ent ON ent.zmw_id = next.zmw_id
	
ORDER BY next.change_timestamp DESC

Call details: 
Datetime: 2014-03-29 10:36:05
Username: grzesiek
IP: 127.1.1.1
URL: http://sealock/sealock/zamowienia
FILE: /home/cracoviano/praca/firma/BR_badania_i_rozwoj/portal_3/libraries/core/functions.php
LINE: 157
 - - - - - - - - - - - - - - - - - - -

 - - - database error occurred! - - - 
Message: Table 'sealock.slk_task_status_history' doesn't exist
Details:

SELECT 
	next.change_timestamp time, 
	ent.zmw_virgo_title element, 
	szmp.szm_virgo_title old_status, 
	szmn.szm_virgo_title new_status, 
	next.username user
FROM 
	slk_task_status_history next
	LEFT OUTER JOIN slk_task_status_history prev ON prev.zmw_id = next.zmw_id AND prev.szm_id != next.szm_id
	LEFT OUTER JOIN slk_task_statuses szmp ON szmp.szm_id = prev.szm_id
	LEFT OUTER JOIN slk_task_statuses szmn ON szmn.szm_id = next.szm_id
	LEFT OUTER JOIN slk_zamowienia ent ON ent.zmw_id = next.zmw_id
	
ORDER BY next.change_timestamp DESC

Call details: 
Datetime: 2014-03-29 11:04:00
Username: grzesiek
IP: 127.1.1.1
URL: http://sealock/sealock/zamowienia
FILE: /home/cracoviano/praca/firma/BR_badania_i_rozwoj/portal_3/libraries/core/functions.php
LINE: 157
 - - - - - - - - - - - - - - - - - - -

 - - - database error occurred! - - - 
Message: Table 'sealock.slk_task_status_history' doesn't exist
Details:

SELECT 
	next.change_timestamp time, 
	ent.zmw_virgo_title element, 
	szmp.szm_virgo_title old_status, 
	szmn.szm_virgo_title new_status, 
	next.username user
FROM 
	slk_task_status_history next
	LEFT OUTER JOIN slk_task_status_history prev ON prev.zmw_id = next.zmw_id AND prev.szm_id != next.szm_id
	LEFT OUTER JOIN slk_task_statuses szmp ON szmp.szm_id = prev.szm_id
	LEFT OUTER JOIN slk_task_statuses szmn ON szmn.szm_id = next.szm_id
	LEFT OUTER JOIN slk_zamowienia ent ON ent.zmw_id = next.zmw_id
	
ORDER BY next.change_timestamp DESC

Call details: 
Datetime: 2014-03-29 11:06:50
Username: grzesiek
IP: 127.1.1.1
URL: http://sealock/sealock/zamowienia
FILE: /home/cracoviano/praca/firma/BR_badania_i_rozwoj/portal_3/libraries/core/functions.php
LINE: 157
 - - - - - - - - - - - - - - - - - - -

 - - - database error occurred! - - - 
Message: Table 'sealock.slk_task_status_history' doesn't exist
Details:

SELECT 
	next.change_timestamp time, 
	ent.zmw_virgo_title element, 
	szmp.szm_virgo_title old_status, 
	szmn.szm_virgo_title new_status, 
	next.username user
FROM 
	slk_task_status_history next
	LEFT OUTER JOIN slk_task_status_history prev ON prev.zmw_id = next.zmw_id AND prev.szm_id != next.szm_id
	LEFT OUTER JOIN slk_task_statuses szmp ON szmp.szm_id = prev.szm_id
	LEFT OUTER JOIN slk_task_statuses szmn ON szmn.szm_id = next.szm_id
	LEFT OUTER JOIN slk_zamowienia ent ON ent.zmw_id = next.zmw_id
	
ORDER BY next.change_timestamp DESC

Call details: 
Datetime: 2014-03-29 11:07:06
Username: grzesiek
IP: 127.1.1.1
URL: http://sealock/sealock/zamowienia
FILE: /home/cracoviano/praca/firma/BR_badania_i_rozwoj/portal_3/libraries/core/functions.php
LINE: 157
 - - - - - - - - - - - - - - - - - - -

 - - - database error occurred! - - - 
Message: Table 'sealock.slk_task_status_history' doesn't exist
Details:

SELECT 
	next.change_timestamp time, 
	ent.zmw_virgo_title element, 
	szmp.szm_virgo_title old_status, 
	szmn.szm_virgo_title new_status, 
	next.username user
FROM 
	slk_task_status_history next
	LEFT OUTER JOIN slk_task_status_zamowienia_history prev ON prev.zmw_id = next.zmw_id AND prev.szm_id != next.szm_id
	LEFT OUTER JOIN slk_task_statuses szmp ON szmp.szm_id = prev.szm_id
	LEFT OUTER JOIN slk_task_statuses szmn ON szmn.szm_id = next.szm_id
	LEFT OUTER JOIN slk_zamowienia ent ON ent.zmw_id = next.zmw_id
	
ORDER BY next.change_timestamp DESC

Call details: 
Datetime: 2014-03-29 11:08:55
Username: grzesiek
IP: 127.1.1.1
URL: http://sealock/sealock/zamowienia
FILE: /home/cracoviano/praca/firma/BR_badania_i_rozwoj/portal_3/libraries/core/functions.php
LINE: 157
 - - - - - - - - - - - - - - - - - - -

 - - - database error occurred! - - - 
Message: Prepare returned false. Unknown column 'slk_pozycja_dokumentus.pdk_dks_id' in 'field list'
Details:
SELECT COUNT(*) as cnt FROM ( SELECT slk_pozycja_dokumentus.pdk_id, slk_pozycja_dokumentus.pdk_virgo_title , slk_pozycja_dokumentus.pdk_ilosc pdk_ilosc, slk_pozycja_dokumentus.pdk_prd_id as pdk_prd_id , slk_produkty_parent.prd_virgo_title as `produkt` , slk_pozycja_dokumentus.pdk_dks_id as pdk_dks_id , slk_dokumenty_ksiegowe_parent.dks_virgo_title as `dokument_ksiegowy`  FROM slk_pozycja_dokumentus  LEFT OUTER JOIN slk_produkty AS slk_produkty_parent ON (slk_pozycja_dokumentus.pdk_prd_id = slk_produkty_parent.prd_id)  LEFT OUTER JOIN slk_dokumenty_ksiegowe AS slk_dokumenty_ksiegowe_parent ON (slk_pozycja_dokumentus.pdk_dks_id = slk_dokumenty_ksiegowe_parent.dks_id)  WHERE  1 = 1   ) as pozycja_dokumentus 
Call details: 
Datetime: 2014-03-31 23:16:42
Username: metaadmin
IP: 127.1.1.1
URL: http://sealock/sealock/dokumenty
FILE: /home/cracoviano/praca/firma/BR_badania_i_rozwoj/portal_3/libraries/core/functions.php
LINE: 171
 - - - - - - - - - - - - - - - - - - -

 - - - database error occurred! - - - 
Message: Prepare returned false. Unknown column 'slk_pozycja_dokumentus.pdk_dks_id' in 'field list'
Details:
SELECT * FROM (  SELECT slk_pozycja_dokumentus.pdk_id, slk_pozycja_dokumentus.pdk_virgo_title , slk_pozycja_dokumentus.pdk_ilosc pdk_ilosc, slk_pozycja_dokumentus.pdk_prd_id as pdk_prd_id , slk_produkty_parent.prd_virgo_title as `produkt` , slk_pozycja_dokumentus.pdk_dks_id as pdk_dks_id , slk_dokumenty_ksiegowe_parent.dks_virgo_title as `dokument_ksiegowy`  FROM slk_pozycja_dokumentus  LEFT OUTER JOIN slk_produkty AS slk_produkty_parent ON (slk_pozycja_dokumentus.pdk_prd_id = slk_produkty_parent.prd_id)  LEFT OUTER JOIN slk_dokumenty_ksiegowe AS slk_dokumenty_ksiegowe_parent ON (slk_pozycja_dokumentus.pdk_dks_id = slk_dokumenty_ksiegowe_parent.dks_id)  WHERE  1 = 1    ) as slk_pozycja_dokumentus 
 ORDER BY pdk_id asc, pdk_id asc
 LIMIT 0, 20
Call details: 
Datetime: 2014-03-31 23:16:42
Username: metaadmin
IP: 127.1.1.1
URL: http://sealock/sealock/dokumenty
FILE: /home/cracoviano/praca/firma/BR_badania_i_rozwoj/portal_3/libraries/core/functions.php
LINE: 171
 - - - - - - - - - - - - - - - - - - -

 - - - database error occurred! - - - 
Message: Prepare returned false. Unknown column 'slk_pozycja_dokumentus.pdk_dks_id' in 'field list'
Details:
SELECT COUNT(*) as cnt FROM ( SELECT slk_pozycja_dokumentus.pdk_id, slk_pozycja_dokumentus.pdk_virgo_title , slk_pozycja_dokumentus.pdk_ilosc pdk_ilosc, slk_pozycja_dokumentus.pdk_prd_id as pdk_prd_id , slk_produkty_parent.prd_virgo_title as `produkt` , slk_pozycja_dokumentus.pdk_dks_id as pdk_dks_id , slk_dokumenty_ksiegowe_parent.dks_virgo_title as `dokument_ksiegowy`  FROM slk_pozycja_dokumentus  LEFT OUTER JOIN slk_produkty AS slk_produkty_parent ON (slk_pozycja_dokumentus.pdk_prd_id = slk_produkty_parent.prd_id)  LEFT OUTER JOIN slk_dokumenty_ksiegowe AS slk_dokumenty_ksiegowe_parent ON (slk_pozycja_dokumentus.pdk_dks_id = slk_dokumenty_ksiegowe_parent.dks_id)  WHERE  1 = 1  AND  0   ) as pozycja_dokumentus 
Call details: 
Datetime: 2014-03-31 23:17:23
Username: metaadmin
IP: 127.1.1.1
URL: http://sealock/sealock/dokumenty
FILE: /home/cracoviano/praca/firma/BR_badania_i_rozwoj/portal_3/libraries/core/functions.php
LINE: 171
 - - - - - - - - - - - - - - - - - - -

 - - - database error occurred! - - - 
Message: Prepare returned false. Unknown column 'slk_pozycja_dokumentus.pdk_dks_id' in 'field list'
Details:
SELECT * FROM (  SELECT slk_pozycja_dokumentus.pdk_id, slk_pozycja_dokumentus.pdk_virgo_title , slk_pozycja_dokumentus.pdk_ilosc pdk_ilosc, slk_pozycja_dokumentus.pdk_prd_id as pdk_prd_id , slk_produkty_parent.prd_virgo_title as `produkt` , slk_pozycja_dokumentus.pdk_dks_id as pdk_dks_id , slk_dokumenty_ksiegowe_parent.dks_virgo_title as `dokument_ksiegowy`  FROM slk_pozycja_dokumentus  LEFT OUTER JOIN slk_produkty AS slk_produkty_parent ON (slk_pozycja_dokumentus.pdk_prd_id = slk_produkty_parent.prd_id)  LEFT OUTER JOIN slk_dokumenty_ksiegowe AS slk_dokumenty_ksiegowe_parent ON (slk_pozycja_dokumentus.pdk_dks_id = slk_dokumenty_ksiegowe_parent.dks_id)  WHERE  1 = 1  AND  0    ) as slk_pozycja_dokumentus 
 ORDER BY pdk_id asc, pdk_id asc
 LIMIT 0, 20
Call details: 
Datetime: 2014-03-31 23:17:23
Username: metaadmin
IP: 127.1.1.1
URL: http://sealock/sealock/dokumenty
FILE: /home/cracoviano/praca/firma/BR_badania_i_rozwoj/portal_3/libraries/core/functions.php
LINE: 171
 - - - - - - - - - - - - - - - - - - -

 - - - database error occurred! - - - 
Message: Prepare returned false. Unknown column 'slk_pozycja_dokumentus.pdk_dks_id' in 'field list'
Details:
SELECT COUNT(*) as cnt FROM ( SELECT slk_pozycja_dokumentus.pdk_id, slk_pozycja_dokumentus.pdk_virgo_title , slk_pozycja_dokumentus.pdk_ilosc pdk_ilosc, slk_pozycja_dokumentus.pdk_prd_id as pdk_prd_id , slk_produkty_parent.prd_virgo_title as `produkt` , slk_pozycja_dokumentus.pdk_dks_id as pdk_dks_id , slk_dokumenty_ksiegowe_parent.dks_virgo_title as `dokument_ksiegowy`  FROM slk_pozycja_dokumentus  LEFT OUTER JOIN slk_produkty AS slk_produkty_parent ON (slk_pozycja_dokumentus.pdk_prd_id = slk_produkty_parent.prd_id)  LEFT OUTER JOIN slk_dokumenty_ksiegowe AS slk_dokumenty_ksiegowe_parent ON (slk_pozycja_dokumentus.pdk_dks_id = slk_dokumenty_ksiegowe_parent.dks_id)  WHERE  1 = 1  AND  0   ) as pozycja_dokumentus 
Call details: 
Datetime: 2014-03-31 23:17:34
Username: metaadmin
IP: 127.1.1.1
URL: http://sealock/sealock/dokumenty
FILE: /home/cracoviano/praca/firma/BR_badania_i_rozwoj/portal_3/libraries/core/functions.php
LINE: 171
 - - - - - - - - - - - - - - - - - - -

 - - - database error occurred! - - - 
Message: Prepare returned false. Unknown column 'slk_pozycja_dokumentus.pdk_dks_id' in 'field list'
Details:
SELECT * FROM (  SELECT slk_pozycja_dokumentus.pdk_id, slk_pozycja_dokumentus.pdk_virgo_title , slk_pozycja_dokumentus.pdk_ilosc pdk_ilosc, slk_pozycja_dokumentus.pdk_prd_id as pdk_prd_id , slk_produkty_parent.prd_virgo_title as `produkt` , slk_pozycja_dokumentus.pdk_dks_id as pdk_dks_id , slk_dokumenty_ksiegowe_parent.dks_virgo_title as `dokument_ksiegowy`  FROM slk_pozycja_dokumentus  LEFT OUTER JOIN slk_produkty AS slk_produkty_parent ON (slk_pozycja_dokumentus.pdk_prd_id = slk_produkty_parent.prd_id)  LEFT OUTER JOIN slk_dokumenty_ksiegowe AS slk_dokumenty_ksiegowe_parent ON (slk_pozycja_dokumentus.pdk_dks_id = slk_dokumenty_ksiegowe_parent.dks_id)  WHERE  1 = 1  AND  0    ) as slk_pozycja_dokumentus 
 ORDER BY pdk_id asc, pdk_id asc
 LIMIT 0, 20
Call details: 
Datetime: 2014-03-31 23:17:34
Username: metaadmin
IP: 127.1.1.1
URL: http://sealock/sealock/dokumenty
FILE: /home/cracoviano/praca/firma/BR_badania_i_rozwoj/portal_3/libraries/core/functions.php
LINE: 171
 - - - - - - - - - - - - - - - - - - -

 - - - database error occurred! - - - 
Message: Prepare returned false. Unknown column 'slk_pozycja_dokumentus.pdk_dks_id' in 'field list'
Details:
SELECT COUNT(*) as cnt FROM ( SELECT slk_pozycja_dokumentus.pdk_id, slk_pozycja_dokumentus.pdk_virgo_title , slk_pozycja_dokumentus.pdk_ilosc pdk_ilosc, slk_pozycja_dokumentus.pdk_prd_id as pdk_prd_id , slk_produkty_parent.prd_virgo_title as `produkt` , slk_pozycja_dokumentus.pdk_dks_id as pdk_dks_id , slk_dokumenty_ksiegowe_parent.dks_virgo_title as `dokument_ksiegowy`  FROM slk_pozycja_dokumentus  LEFT OUTER JOIN slk_produkty AS slk_produkty_parent ON (slk_pozycja_dokumentus.pdk_prd_id = slk_produkty_parent.prd_id)  LEFT OUTER JOIN slk_dokumenty_ksiegowe AS slk_dokumenty_ksiegowe_parent ON (slk_pozycja_dokumentus.pdk_dks_id = slk_dokumenty_ksiegowe_parent.dks_id)  WHERE  1 = 1  AND slk_pozycja_dokumentus.pdk_dks_id = 1  ) as pozycja_dokumentus 
Call details: 
Datetime: 2014-03-31 23:17:56
Username: metaadmin
IP: 127.1.1.1
URL: http://sealock/sealock/dokumenty
FILE: /home/cracoviano/praca/firma/BR_badania_i_rozwoj/portal_3/libraries/core/functions.php
LINE: 171
 - - - - - - - - - - - - - - - - - - -

 - - - database error occurred! - - - 
Message: Prepare returned false. Unknown column 'slk_pozycja_dokumentus.pdk_dks_id' in 'field list'
Details:
SELECT * FROM (  SELECT slk_pozycja_dokumentus.pdk_id, slk_pozycja_dokumentus.pdk_virgo_title , slk_pozycja_dokumentus.pdk_ilosc pdk_ilosc, slk_pozycja_dokumentus.pdk_prd_id as pdk_prd_id , slk_produkty_parent.prd_virgo_title as `produkt` , slk_pozycja_dokumentus.pdk_dks_id as pdk_dks_id , slk_dokumenty_ksiegowe_parent.dks_virgo_title as `dokument_ksiegowy`  FROM slk_pozycja_dokumentus  LEFT OUTER JOIN slk_produkty AS slk_produkty_parent ON (slk_pozycja_dokumentus.pdk_prd_id = slk_produkty_parent.prd_id)  LEFT OUTER JOIN slk_dokumenty_ksiegowe AS slk_dokumenty_ksiegowe_parent ON (slk_pozycja_dokumentus.pdk_dks_id = slk_dokumenty_ksiegowe_parent.dks_id)  WHERE  1 = 1  AND slk_pozycja_dokumentus.pdk_dks_id = 1   ) as slk_pozycja_dokumentus 
 ORDER BY pdk_id asc, pdk_id asc
 LIMIT 0, 20
Call details: 
Datetime: 2014-03-31 23:17:56
Username: metaadmin
IP: 127.1.1.1
URL: http://sealock/sealock/dokumenty
FILE: /home/cracoviano/praca/firma/BR_badania_i_rozwoj/portal_3/libraries/core/functions.php
LINE: 171
 - - - - - - - - - - - - - - - - - - -

 - - - database error occurred! - - - 
Message: Prepare returned false. Unknown column 'slk_pozycja_dokumentus.pdk_dks_id' in 'field list'
Details:
SELECT COUNT(*) as cnt FROM ( SELECT slk_pozycja_dokumentus.pdk_id, slk_pozycja_dokumentus.pdk_virgo_title , slk_pozycja_dokumentus.pdk_ilosc pdk_ilosc, slk_pozycja_dokumentus.pdk_prd_id as pdk_prd_id , slk_produkty_parent.prd_virgo_title as `produkt` , slk_pozycja_dokumentus.pdk_dks_id as pdk_dks_id , slk_dokumenty_ksiegowe_parent.dks_virgo_title as `dokument_ksiegowy`  FROM slk_pozycja_dokumentus  LEFT OUTER JOIN slk_produkty AS slk_produkty_parent ON (slk_pozycja_dokumentus.pdk_prd_id = slk_produkty_parent.prd_id)  LEFT OUTER JOIN slk_dokumenty_ksiegowe AS slk_dokumenty_ksiegowe_parent ON (slk_pozycja_dokumentus.pdk_dks_id = slk_dokumenty_ksiegowe_parent.dks_id)  WHERE  1 = 1  AND slk_pozycja_dokumentus.pdk_dks_id = 1  ) as pozycja_dokumentus 
Call details: 
Datetime: 2014-03-31 23:18:16
Username: metaadmin
IP: 127.1.1.1
URL: http://sealock/sealock/dokumenty
FILE: /home/cracoviano/praca/firma/BR_badania_i_rozwoj/portal_3/libraries/core/functions.php
LINE: 171
 - - - - - - - - - - - - - - - - - - -

 - - - database error occurred! - - - 
Message: Prepare returned false. Unknown column 'slk_pozycja_dokumentus.pdk_dks_id' in 'field list'
Details:
SELECT * FROM (  SELECT slk_pozycja_dokumentus.pdk_id, slk_pozycja_dokumentus.pdk_virgo_title , slk_pozycja_dokumentus.pdk_ilosc pdk_ilosc, slk_pozycja_dokumentus.pdk_prd_id as pdk_prd_id , slk_produkty_parent.prd_virgo_title as `produkt` , slk_pozycja_dokumentus.pdk_dks_id as pdk_dks_id , slk_dokumenty_ksiegowe_parent.dks_virgo_title as `dokument_ksiegowy`  FROM slk_pozycja_dokumentus  LEFT OUTER JOIN slk_produkty AS slk_produkty_parent ON (slk_pozycja_dokumentus.pdk_prd_id = slk_produkty_parent.prd_id)  LEFT OUTER JOIN slk_dokumenty_ksiegowe AS slk_dokumenty_ksiegowe_parent ON (slk_pozycja_dokumentus.pdk_dks_id = slk_dokumenty_ksiegowe_parent.dks_id)  WHERE  1 = 1  AND slk_pozycja_dokumentus.pdk_dks_id = 1   ) as slk_pozycja_dokumentus 
 ORDER BY pdk_id asc, pdk_id asc
 LIMIT 0, 20
Call details: 
Datetime: 2014-03-31 23:18:16
Username: metaadmin
IP: 127.1.1.1
URL: http://sealock/sealock/dokumenty
FILE: /home/cracoviano/praca/firma/BR_badania_i_rozwoj/portal_3/libraries/core/functions.php
LINE: 171
 - - - - - - - - - - - - - - - - - - -

 - - - database error occurred! - - - 
Message: Prepare returned false. Unknown column 'slk_pozycja_dokumentus.pdk_dks_id' in 'field list'
Details:
SELECT COUNT(*) as cnt FROM ( SELECT slk_pozycja_dokumentus.pdk_id, slk_pozycja_dokumentus.pdk_virgo_title , slk_pozycja_dokumentus.pdk_ilosc pdk_ilosc, slk_pozycja_dokumentus.pdk_prd_id as pdk_prd_id , slk_produkty_parent.prd_virgo_title as `produkt` , slk_pozycja_dokumentus.pdk_dks_id as pdk_dks_id , slk_dokumenty_ksiegowe_parent.dks_virgo_title as `dokument_ksiegowy`  FROM slk_pozycja_dokumentus  LEFT OUTER JOIN slk_produkty AS slk_produkty_parent ON (slk_pozycja_dokumentus.pdk_prd_id = slk_produkty_parent.prd_id)  LEFT OUTER JOIN slk_dokumenty_ksiegowe AS slk_dokumenty_ksiegowe_parent ON (slk_pozycja_dokumentus.pdk_dks_id = slk_dokumenty_ksiegowe_parent.dks_id)  WHERE  1 = 1  AND slk_pozycja_dokumentus.pdk_dks_id = 1  ) as pozycja_dokumentus 
Call details: 
Datetime: 2014-03-31 23:24:12
Username: metaadmin
IP: 127.1.1.1
URL: http://sealock/sealock/dokumenty
FILE: /home/cracoviano/praca/firma/BR_badania_i_rozwoj/portal_3/libraries/core/functions.php
LINE: 157
 - - - - - - - - - - - - - - - - - - -

 - - - database error occurred! - - - 
Message: Prepare returned false. Unknown column 'slk_pozycja_dokumentus.pdk_dks_id' in 'field list'
Details:
SELECT * FROM (  SELECT slk_pozycja_dokumentus.pdk_id, slk_pozycja_dokumentus.pdk_virgo_title , slk_pozycja_dokumentus.pdk_ilosc pdk_ilosc, slk_pozycja_dokumentus.pdk_prd_id as pdk_prd_id , slk_produkty_parent.prd_virgo_title as `produkt` , slk_pozycja_dokumentus.pdk_dks_id as pdk_dks_id , slk_dokumenty_ksiegowe_parent.dks_virgo_title as `dokument_ksiegowy`  FROM slk_pozycja_dokumentus  LEFT OUTER JOIN slk_produkty AS slk_produkty_parent ON (slk_pozycja_dokumentus.pdk_prd_id = slk_produkty_parent.prd_id)  LEFT OUTER JOIN slk_dokumenty_ksiegowe AS slk_dokumenty_ksiegowe_parent ON (slk_pozycja_dokumentus.pdk_dks_id = slk_dokumenty_ksiegowe_parent.dks_id)  WHERE  1 = 1  AND slk_pozycja_dokumentus.pdk_dks_id = 1   ) as slk_pozycja_dokumentus 
 ORDER BY pdk_id asc, pdk_id asc
 LIMIT 0, 20
Call details: 
Datetime: 2014-03-31 23:24:12
Username: metaadmin
IP: 127.1.1.1
URL: http://sealock/sealock/dokumenty
FILE: /home/cracoviano/praca/firma/BR_badania_i_rozwoj/portal_3/libraries/core/functions.php
LINE: 157
 - - - - - - - - - - - - - - - - - - -

 - - - database error occurred! - - - 
Message: Prepare returned false. Unknown column 'slk_pozycja_dokumentus.pdk_dks_id' in 'field list'
Details:
SELECT COUNT(*) as cnt FROM ( SELECT slk_pozycja_dokumentus.pdk_id, slk_pozycja_dokumentus.pdk_virgo_title , slk_pozycja_dokumentus.pdk_ilosc pdk_ilosc, slk_pozycja_dokumentus.pdk_prd_id as pdk_prd_id , slk_produkty_parent.prd_virgo_title as `produkt` , slk_pozycja_dokumentus.pdk_dks_id as pdk_dks_id , slk_dokumenty_ksiegowe_parent.dks_virgo_title as `dokument_ksiegowy`  FROM slk_pozycja_dokumentus  LEFT OUTER JOIN slk_produkty AS slk_produkty_parent ON (slk_pozycja_dokumentus.pdk_prd_id = slk_produkty_parent.prd_id)  LEFT OUTER JOIN slk_dokumenty_ksiegowe AS slk_dokumenty_ksiegowe_parent ON (slk_pozycja_dokumentus.pdk_dks_id = slk_dokumenty_ksiegowe_parent.dks_id)  WHERE  1 = 1  AND slk_pozycja_dokumentus.pdk_dks_id = 1  ) as pozycja_dokumentus 
Call details: 
Datetime: 2014-03-31 23:25:16
Username: metaadmin
IP: 127.1.1.1
URL: http://sealock/sealock/dokumenty
FILE: /home/cracoviano/praca/firma/BR_badania_i_rozwoj/portal_3/libraries/core/functions.php
LINE: 157
 - - - - - - - - - - - - - - - - - - -

 - - - database error occurred! - - - 
Message: Prepare returned false. Unknown column 'slk_pozycja_dokumentus.pdk_dks_id' in 'field list'
Details:
SELECT * FROM (  SELECT slk_pozycja_dokumentus.pdk_id, slk_pozycja_dokumentus.pdk_virgo_title , slk_pozycja_dokumentus.pdk_ilosc pdk_ilosc, slk_pozycja_dokumentus.pdk_prd_id as pdk_prd_id , slk_produkty_parent.prd_virgo_title as `produkt` , slk_pozycja_dokumentus.pdk_dks_id as pdk_dks_id , slk_dokumenty_ksiegowe_parent.dks_virgo_title as `dokument_ksiegowy`  FROM slk_pozycja_dokumentus  LEFT OUTER JOIN slk_produkty AS slk_produkty_parent ON (slk_pozycja_dokumentus.pdk_prd_id = slk_produkty_parent.prd_id)  LEFT OUTER JOIN slk_dokumenty_ksiegowe AS slk_dokumenty_ksiegowe_parent ON (slk_pozycja_dokumentus.pdk_dks_id = slk_dokumenty_ksiegowe_parent.dks_id)  WHERE  1 = 1  AND slk_pozycja_dokumentus.pdk_dks_id = 1   ) as slk_pozycja_dokumentus 
 ORDER BY pdk_id asc, pdk_id asc
 LIMIT 0, 20
Call details: 
Datetime: 2014-03-31 23:25:16
Username: metaadmin
IP: 127.1.1.1
URL: http://sealock/sealock/dokumenty
FILE: /home/cracoviano/praca/firma/BR_badania_i_rozwoj/portal_3/libraries/core/functions.php
LINE: 157
 - - - - - - - - - - - - - - - - - - -

 - - - database error occurred! - - - 
Message: Prepare returned false. Unknown column 'slk_pozycja_dokumentus.pdk_dks_id' in 'field list'
Details:
SELECT COUNT(*) as cnt FROM ( SELECT slk_pozycja_dokumentus.pdk_id, slk_pozycja_dokumentus.pdk_virgo_title , slk_pozycja_dokumentus.pdk_ilosc pdk_ilosc, slk_pozycja_dokumentus.pdk_prd_id as pdk_prd_id , slk_produkty_parent.prd_virgo_title as `produkt` , slk_pozycja_dokumentus.pdk_dks_id as pdk_dks_id , slk_dokumenty_ksiegowe_parent.dks_virgo_title as `dokument_ksiegowy`  FROM slk_pozycja_dokumentus  LEFT OUTER JOIN slk_produkty AS slk_produkty_parent ON (slk_pozycja_dokumentus.pdk_prd_id = slk_produkty_parent.prd_id)  LEFT OUTER JOIN slk_dokumenty_ksiegowe AS slk_dokumenty_ksiegowe_parent ON (slk_pozycja_dokumentus.pdk_dks_id = slk_dokumenty_ksiegowe_parent.dks_id)  WHERE  1 = 1  AND slk_pozycja_dokumentus.pdk_dks_id = 1  ) as pozycja_dokumentus 
Call details: 
Datetime: 2014-03-31 23:26:53
Username: metaadmin
IP: 127.1.1.1
URL: http://sealock/sealock/dokumenty
FILE: /home/cracoviano/praca/firma/BR_badania_i_rozwoj/portal_3/libraries/core/functions.php
LINE: 157
 - - - - - - - - - - - - - - - - - - -

 - - - database error occurred! - - - 
Message: Prepare returned false. Unknown column 'slk_pozycja_dokumentus.pdk_dks_id' in 'field list'
Details:
SELECT * FROM (  SELECT slk_pozycja_dokumentus.pdk_id, slk_pozycja_dokumentus.pdk_virgo_title , slk_pozycja_dokumentus.pdk_ilosc pdk_ilosc, slk_pozycja_dokumentus.pdk_prd_id as pdk_prd_id , slk_produkty_parent.prd_virgo_title as `produkt` , slk_pozycja_dokumentus.pdk_dks_id as pdk_dks_id , slk_dokumenty_ksiegowe_parent.dks_virgo_title as `dokument_ksiegowy`  FROM slk_pozycja_dokumentus  LEFT OUTER JOIN slk_produkty AS slk_produkty_parent ON (slk_pozycja_dokumentus.pdk_prd_id = slk_produkty_parent.prd_id)  LEFT OUTER JOIN slk_dokumenty_ksiegowe AS slk_dokumenty_ksiegowe_parent ON (slk_pozycja_dokumentus.pdk_dks_id = slk_dokumenty_ksiegowe_parent.dks_id)  WHERE  1 = 1  AND slk_pozycja_dokumentus.pdk_dks_id = 1   ) as slk_pozycja_dokumentus 
 ORDER BY pdk_id asc, pdk_id asc
 LIMIT 0, 20
Call details: 
Datetime: 2014-03-31 23:26:53
Username: metaadmin
IP: 127.1.1.1
URL: http://sealock/sealock/dokumenty
FILE: /home/cracoviano/praca/firma/BR_badania_i_rozwoj/portal_3/libraries/core/functions.php
LINE: 157
 - - - - - - - - - - - - - - - - - - -

 - - - database error occurred! - - - 
Message: Prepare returned false. Unknown column 'slk_pozycja_dokumentus.pdk_dks_id' in 'field list'
Details:
SELECT COUNT(*) as cnt FROM ( SELECT slk_pozycja_dokumentus.pdk_id, slk_pozycja_dokumentus.pdk_virgo_title , slk_pozycja_dokumentus.pdk_ilosc pdk_ilosc, slk_pozycja_dokumentus.pdk_prd_id as pdk_prd_id , slk_produkty_parent.prd_virgo_title as `produkt` , slk_pozycja_dokumentus.pdk_dks_id as pdk_dks_id , slk_dokumenty_ksiegowe_parent.dks_virgo_title as `dokument_ksiegowy`  FROM slk_pozycja_dokumentus  LEFT OUTER JOIN slk_produkty AS slk_produkty_parent ON (slk_pozycja_dokumentus.pdk_prd_id = slk_produkty_parent.prd_id)  LEFT OUTER JOIN slk_dokumenty_ksiegowe AS slk_dokumenty_ksiegowe_parent ON (slk_pozycja_dokumentus.pdk_dks_id = slk_dokumenty_ksiegowe_parent.dks_id)  WHERE  1 = 1  AND slk_pozycja_dokumentus.pdk_dks_id = 1  ) as pozycja_dokumentus 
Call details: 
Datetime: 2014-03-31 23:27:15
Username: metaadmin
IP: 127.1.1.1
URL: http://sealock/sealock/dokumenty
FILE: /home/cracoviano/praca/firma/BR_badania_i_rozwoj/portal_3/libraries/core/functions.php
LINE: 157
 - - - - - - - - - - - - - - - - - - -

 - - - database error occurred! - - - 
Message: Prepare returned false. Unknown column 'slk_pozycja_dokumentus.pdk_dks_id' in 'field list'
Details:
SELECT * FROM (  SELECT slk_pozycja_dokumentus.pdk_id, slk_pozycja_dokumentus.pdk_virgo_title , slk_pozycja_dokumentus.pdk_ilosc pdk_ilosc, slk_pozycja_dokumentus.pdk_prd_id as pdk_prd_id , slk_produkty_parent.prd_virgo_title as `produkt` , slk_pozycja_dokumentus.pdk_dks_id as pdk_dks_id , slk_dokumenty_ksiegowe_parent.dks_virgo_title as `dokument_ksiegowy`  FROM slk_pozycja_dokumentus  LEFT OUTER JOIN slk_produkty AS slk_produkty_parent ON (slk_pozycja_dokumentus.pdk_prd_id = slk_produkty_parent.prd_id)  LEFT OUTER JOIN slk_dokumenty_ksiegowe AS slk_dokumenty_ksiegowe_parent ON (slk_pozycja_dokumentus.pdk_dks_id = slk_dokumenty_ksiegowe_parent.dks_id)  WHERE  1 = 1  AND slk_pozycja_dokumentus.pdk_dks_id = 1   ) as slk_pozycja_dokumentus 
 ORDER BY pdk_id asc, pdk_id asc
 LIMIT 0, 20
Call details: 
Datetime: 2014-03-31 23:27:15
Username: metaadmin
IP: 127.1.1.1
URL: http://sealock/sealock/dokumenty
FILE: /home/cracoviano/praca/firma/BR_badania_i_rozwoj/portal_3/libraries/core/functions.php
LINE: 157
 - - - - - - - - - - - - - - - - - - -

 - - - database error occurred! - - - 
Message: Prepare returned false. Unknown column 'slk_pozycja_dokumentus.pdk_dks_id' in 'field list'
Details:
SELECT COUNT(*) as cnt FROM ( SELECT slk_pozycja_dokumentus.pdk_id, slk_pozycja_dokumentus.pdk_virgo_title , slk_pozycja_dokumentus.pdk_ilosc pdk_ilosc, slk_pozycja_dokumentus.pdk_kwota pdk_kwota, slk_pozycja_dokumentus.pdk_prd_id as pdk_prd_id , slk_produkty_parent.prd_virgo_title as `produkt` , slk_pozycja_dokumentus.pdk_dks_id as pdk_dks_id , slk_dokumenty_ksiegowe_parent.dks_virgo_title as `dokument_ksiegowy`  FROM slk_pozycja_dokumentus  LEFT OUTER JOIN slk_produkty AS slk_produkty_parent ON (slk_pozycja_dokumentus.pdk_prd_id = slk_produkty_parent.prd_id)  LEFT OUTER JOIN slk_dokumenty_ksiegowe AS slk_dokumenty_ksiegowe_parent ON (slk_pozycja_dokumentus.pdk_dks_id = slk_dokumenty_ksiegowe_parent.dks_id)  WHERE  1 = 1  AND slk_pozycja_dokumentus.pdk_dks_id = 1  ) as pozycja_dokumentus 
Call details: 
Datetime: 2014-03-31 23:33:53
Username: metaadmin
IP: 127.1.1.1
URL: http://sealock/sealock/dokumenty
FILE: /home/cracoviano/praca/firma/BR_badania_i_rozwoj/portal_3/libraries/core/functions.php
LINE: 157
 - - - - - - - - - - - - - - - - - - -

 - - - database error occurred! - - - 
Message: Prepare returned false. Unknown column 'slk_pozycja_dokumentus.pdk_dks_id' in 'field list'
Details:
SELECT * FROM (  SELECT slk_pozycja_dokumentus.pdk_id, slk_pozycja_dokumentus.pdk_virgo_title , slk_pozycja_dokumentus.pdk_ilosc pdk_ilosc, slk_pozycja_dokumentus.pdk_kwota pdk_kwota, slk_pozycja_dokumentus.pdk_prd_id as pdk_prd_id , slk_produkty_parent.prd_virgo_title as `produkt` , slk_pozycja_dokumentus.pdk_dks_id as pdk_dks_id , slk_dokumenty_ksiegowe_parent.dks_virgo_title as `dokument_ksiegowy`  FROM slk_pozycja_dokumentus  LEFT OUTER JOIN slk_produkty AS slk_produkty_parent ON (slk_pozycja_dokumentus.pdk_prd_id = slk_produkty_parent.prd_id)  LEFT OUTER JOIN slk_dokumenty_ksiegowe AS slk_dokumenty_ksiegowe_parent ON (slk_pozycja_dokumentus.pdk_dks_id = slk_dokumenty_ksiegowe_parent.dks_id)  WHERE  1 = 1  AND slk_pozycja_dokumentus.pdk_dks_id = 1   ) as slk_pozycja_dokumentus 
 ORDER BY pdk_id asc, pdk_id asc
 LIMIT 0, 20
Call details: 
Datetime: 2014-03-31 23:33:53
Username: metaadmin
IP: 127.1.1.1
URL: http://sealock/sealock/dokumenty
FILE: /home/cracoviano/praca/firma/BR_badania_i_rozwoj/portal_3/libraries/core/functions.php
LINE: 157
 - - - - - - - - - - - - - - - - - - -

 - - - database error occurred! - - - 
Message: Prepare returned false. Unknown column 'pdk_dks_id' in 'field list'
Details:
INSERT INTO slk_pozycja_dokumentus (  pdk_ilosc,  pdk_kwota,  pdk_prd_id,  pdk_dks_id,  pdk_virgo_title, pdk_date_created, pdk_usr_created_id) VALUES (  ? , ? , ? ,  ? ,  ? , ? , ? ) 
Call details: 
Datetime: 2014-03-31 23:34:41
Username: metaadmin
IP: 127.1.1.1
URL: http://sealock/sealock/dokumenty
FILE: /home/cracoviano/praca/firma/BR_badania_i_rozwoj/portal_3/portlets/sealock/virgoPozycjaDokumentu/controller.php
LINE: 1177
 - - - - - - - - - - - - - - - - - - -

 - - - database error occurred! - - - 
Message: Duplicate column name 'pdk_virgo_title'
Details:
ALTER TABLE slk_pozycja_dokumentus ADD COLUMN (pdk_virgo_title VARCHAR(255));
Call details: 
Datetime: 2014-03-31 23:34:42
Username: metaadmin
IP: 127.1.1.1
URL: http://sealock/sealock/dokumenty
FILE: /home/cracoviano/praca/firma/BR_badania_i_rozwoj/portal_3/portlets/sealock/virgoPozycjaDokumentu/controller.php
LINE: 1078
 - - - - - - - - - - - - - - - - - - -

 - - - database error occurred! - - - 
Message: Prepare returned false. Unknown column 'pdk_dks_id' in 'field list'
Details:
INSERT INTO slk_pozycja_dokumentus (  pdk_ilosc,  pdk_kwota,  pdk_prd_id,  pdk_dks_id,  pdk_virgo_title, pdk_date_created, pdk_usr_created_id) VALUES (  ? , ? , ? ,  ? ,  ? , ? , ? ) 
Call details: 
Datetime: 2014-03-31 23:34:42
Username: metaadmin
IP: 127.1.1.1
URL: http://sealock/sealock/dokumenty
FILE: /home/cracoviano/praca/firma/BR_badania_i_rozwoj/portal_3/portlets/sealock/virgoPozycjaDokumentu/controller.php
LINE: 1177
 - - - - - - - - - - - - - - - - - - -

 - - - database error occurred! - - - 
Message: Prepare returned false. Unknown column 'pdk_dks_id' in 'field list'
Details:
INSERT INTO slk_pozycje_dokumentow (  pdk_ilosc,  pdk_kwota,  pdk_prd_id,  pdk_dks_id,  pdk_virgo_title, pdk_date_created, pdk_usr_created_id) VALUES (  ? , ? , ? ,  ? ,  ? , ? , ? ) 
Call details: 
Datetime: 2014-03-31 23:39:30
Username: metaadmin
IP: 127.1.1.1
URL: http://sealock/sealock/dokumenty
FILE: /home/cracoviano/praca/firma/BR_badania_i_rozwoj/portal_3/portlets/sealock/virgoPozycjaDokumentu/controller.php
LINE: 1177
 - - - - - - - - - - - - - - - - - - -

 - - - database error occurred! - - - 
Message: Duplicate column name 'pdk_virgo_title'
Details:
ALTER TABLE slk_pozycje_dokumentow ADD COLUMN (pdk_virgo_title VARCHAR(255));
Call details: 
Datetime: 2014-03-31 23:39:30
Username: metaadmin
IP: 127.1.1.1
URL: http://sealock/sealock/dokumenty
FILE: /home/cracoviano/praca/firma/BR_badania_i_rozwoj/portal_3/portlets/sealock/virgoPozycjaDokumentu/controller.php
LINE: 1078
 - - - - - - - - - - - - - - - - - - -

 - - - database error occurred! - - - 
Message: Prepare returned false. Unknown column 'pdk_dks_id' in 'field list'
Details:
INSERT INTO slk_pozycje_dokumentow (  pdk_ilosc,  pdk_kwota,  pdk_prd_id,  pdk_dks_id,  pdk_virgo_title, pdk_date_created, pdk_usr_created_id) VALUES (  ? , ? , ? ,  ? ,  ? , ? , ? ) 
Call details: 
Datetime: 2014-03-31 23:39:30
Username: metaadmin
IP: 127.1.1.1
URL: http://sealock/sealock/dokumenty
FILE: /home/cracoviano/praca/firma/BR_badania_i_rozwoj/portal_3/portlets/sealock/virgoPozycjaDokumentu/controller.php
LINE: 1177
 - - - - - - - - - - - - - - - - - - -

